sending incremental file list
./
.gitignore
.gitmodules
README.md
.git/
.git/COMMIT_EDITMSG
.git/FETCH_HEAD
.git/HEAD
.git/config
.git/description
.git/index
.git/branches/
.git/hooks/
.git/hooks/applypatch-msg.sample
.git/hooks/commit-msg.sample
.git/hooks/fsmonitor-watchman.sample
.git/hooks/post-update.sample
.git/hooks/pre-applypatch.sample
.git/hooks/pre-commit.sample
.git/hooks/pre-merge-commit.sample
.git/hooks/pre-push.sample
.git/hooks/pre-rebase.sample
.git/hooks/pre-receive.sample
.git/hooks/prepare-commit-msg.sample
.git/hooks/push-to-checkout.sample
.git/hooks/sendemail-validate.sample
.git/hooks/update.sample
.git/info/
.git/info/exclude
.git/logs/
.git/logs/HEAD
.git/logs/refs/
.git/logs/refs/heads/
.git/logs/refs/heads/main
.git/logs/refs/remotes/
.git/logs/refs/remotes/origin/
.git/logs/refs/remotes/origin/main
.git/modules/
.git/modules/libs/
.git/modules/libs/asrs/
.git/modules/libs/asrs/COMMIT_EDITMSG
.git/modules/libs/asrs/FETCH_HEAD
.git/modules/libs/asrs/HEAD
.git/modules/libs/asrs/config
.git/modules/libs/asrs/description
.git/modules/libs/asrs/index
.git/modules/libs/asrs/packed-refs
.git/modules/libs/asrs/branches/
.git/modules/libs/asrs/hooks/
.git/modules/libs/asrs/hooks/applypatch-msg.sample
.git/modules/libs/asrs/hooks/commit-msg.sample
.git/modules/libs/asrs/hooks/fsmonitor-watchman.sample
.git/modules/libs/asrs/hooks/post-update.sample
.git/modules/libs/asrs/hooks/pre-applypatch.sample
.git/modules/libs/asrs/hooks/pre-commit.sample
.git/modules/libs/asrs/hooks/pre-merge-commit.sample
.git/modules/libs/asrs/hooks/pre-push.sample
.git/modules/libs/asrs/hooks/pre-rebase.sample
.git/modules/libs/asrs/hooks/pre-receive.sample
.git/modules/libs/asrs/hooks/prepare-commit-msg.sample
.git/modules/libs/asrs/hooks/push-to-checkout.sample
.git/modules/libs/asrs/hooks/sendemail-validate.sample
.git/modules/libs/asrs/hooks/update.sample
.git/modules/libs/asrs/info/
.git/modules/libs/asrs/info/exclude
.git/modules/libs/asrs/logs/
.git/modules/libs/asrs/logs/HEAD
.git/modules/libs/asrs/logs/refs/
.git/modules/libs/asrs/logs/refs/heads/
.git/modules/libs/asrs/logs/refs/heads/main
.git/modules/libs/asrs/logs/refs/remotes/
.git/modules/libs/asrs/logs/refs/remotes/origin/
.git/modules/libs/asrs/logs/refs/remotes/origin/HEAD
.git/modules/libs/asrs/logs/refs/remotes/origin/main
.git/modules/libs/asrs/objects/
.git/modules/libs/asrs/objects/52/
.git/modules/libs/asrs/objects/52/243a7362cac5cbf4005c59c770960db3144acc
.git/modules/libs/asrs/objects/a2/
.git/modules/libs/asrs/objects/a2/23c44c5ec60449e14a88396a5183ad994e9026
.git/modules/libs/asrs/objects/e6/
.git/modules/libs/asrs/objects/e6/9de29bb2d1d6434b8b29ae775ad8c2e48c5391
.git/modules/libs/asrs/objects/info/
.git/modules/libs/asrs/objects/pack/
.git/modules/libs/asrs/objects/pack/pack-18da56b7127505fc9ff4d65eb548b73a6e9fb587.idx
.git/modules/libs/asrs/objects/pack/pack-18da56b7127505fc9ff4d65eb548b73a6e9fb587.pack
.git/modules/libs/asrs/objects/pack/pack-18da56b7127505fc9ff4d65eb548b73a6e9fb587.rev
.git/modules/libs/asrs/refs/
.git/modules/libs/asrs/refs/heads/
.git/modules/libs/asrs/refs/heads/main
.git/modules/libs/asrs/refs/remotes/
.git/modules/libs/asrs/refs/remotes/origin/
.git/modules/libs/asrs/refs/remotes/origin/HEAD
.git/modules/libs/asrs/refs/remotes/origin/main
.git/modules/libs/asrs/refs/tags/
.git/modules/libs/mp2rage_recon-all/
.git/modules/libs/mp2rage_recon-all/COMMIT_EDITMSG
.git/modules/libs/mp2rage_recon-all/FETCH_HEAD
.git/modules/libs/mp2rage_recon-all/HEAD
.git/modules/libs/mp2rage_recon-all/config
.git/modules/libs/mp2rage_recon-all/description
.git/modules/libs/mp2rage_recon-all/index
.git/modules/libs/mp2rage_recon-all/packed-refs
.git/modules/libs/mp2rage_recon-all/branches/
.git/modules/libs/mp2rage_recon-all/hooks/
.git/modules/libs/mp2rage_recon-all/hooks/applypatch-msg.sample
.git/modules/libs/mp2rage_recon-all/hooks/commit-msg.sample
.git/modules/libs/mp2rage_recon-all/hooks/fsmonitor-watchman.sample
.git/modules/libs/mp2rage_recon-all/hooks/post-update.sample
.git/modules/libs/mp2rage_recon-all/hooks/pre-applypatch.sample
.git/modules/libs/mp2rage_recon-all/hooks/pre-commit.sample
.git/modules/libs/mp2rage_recon-all/hooks/pre-merge-commit.sample
.git/modules/libs/mp2rage_recon-all/hooks/pre-push.sample
.git/modules/libs/mp2rage_recon-all/hooks/pre-rebase.sample
.git/modules/libs/mp2rage_recon-all/hooks/pre-receive.sample
.git/modules/libs/mp2rage_recon-all/hooks/prepare-commit-msg.sample
.git/modules/libs/mp2rage_recon-all/hooks/push-to-checkout.sample
.git/modules/libs/mp2rage_recon-all/hooks/sendemail-validate.sample
.git/modules/libs/mp2rage_recon-all/hooks/update.sample
.git/modules/libs/mp2rage_recon-all/info/
.git/modules/libs/mp2rage_recon-all/info/exclude
.git/modules/libs/mp2rage_recon-all/logs/
.git/modules/libs/mp2rage_recon-all/logs/HEAD
.git/modules/libs/mp2rage_recon-all/logs/refs/
.git/modules/libs/mp2rage_recon-all/logs/refs/heads/
.git/modules/libs/mp2rage_recon-all/logs/refs/heads/master
.git/modules/libs/mp2rage_recon-all/logs/refs/remotes/
.git/modules/libs/mp2rage_recon-all/logs/refs/remotes/origin/
.git/modules/libs/mp2rage_recon-all/logs/refs/remotes/origin/HEAD
.git/modules/libs/mp2rage_recon-all/logs/refs/remotes/origin/master
.git/modules/libs/mp2rage_recon-all/objects/
.git/modules/libs/mp2rage_recon-all/objects/08/
.git/modules/libs/mp2rage_recon-all/objects/08/43fcc306a5d88394cbebc1da398f45486f627f
.git/modules/libs/mp2rage_recon-all/objects/51/
.git/modules/libs/mp2rage_recon-all/objects/51/b53d545748b1c1596682465e550faac6135ed8
.git/modules/libs/mp2rage_recon-all/objects/5a/
.git/modules/libs/mp2rage_recon-all/objects/5a/62027d1a454b3222d1f59d9127714a2730e624
.git/modules/libs/mp2rage_recon-all/objects/75/
.git/modules/libs/mp2rage_recon-all/objects/75/b0b996fa977323d9a84f2387cbbbc25a976694
.git/modules/libs/mp2rage_recon-all/objects/b3/
.git/modules/libs/mp2rage_recon-all/objects/b3/4150b23559d8bf0a4bce816a73fa8bd7af28d8
.git/modules/libs/mp2rage_recon-all/objects/bd/
.git/modules/libs/mp2rage_recon-all/objects/bd/48cd95312ac17b2bf60f6cf9556983a0557782
.git/modules/libs/mp2rage_recon-all/objects/e4/
.git/modules/libs/mp2rage_recon-all/objects/e4/4a7d3523f0d72aeebf6d54a0558535c9838e26
.git/modules/libs/mp2rage_recon-all/objects/e6/
.git/modules/libs/mp2rage_recon-all/objects/e6/9de29bb2d1d6434b8b29ae775ad8c2e48c5391
.git/modules/libs/mp2rage_recon-all/objects/info/
.git/modules/libs/mp2rage_recon-all/objects/pack/
.git/modules/libs/mp2rage_recon-all/objects/pack/pack-e07ea84dd0a5138ddd47f8cafa7baa005938325e.idx
.git/modules/libs/mp2rage_recon-all/objects/pack/pack-e07ea84dd0a5138ddd47f8cafa7baa005938325e.pack
.git/modules/libs/mp2rage_recon-all/objects/pack/pack-e07ea84dd0a5138ddd47f8cafa7baa005938325e.rev
.git/modules/libs/mp2rage_recon-all/refs/
.git/modules/libs/mp2rage_recon-all/refs/heads/
.git/modules/libs/mp2rage_recon-all/refs/heads/master
.git/modules/libs/mp2rage_recon-all/refs/remotes/
.git/modules/libs/mp2rage_recon-all/refs/remotes/origin/
.git/modules/libs/mp2rage_recon-all/refs/remotes/origin/HEAD
.git/modules/libs/mp2rage_recon-all/refs/remotes/origin/master
.git/modules/libs/mp2rage_recon-all/refs/tags/
.git/modules/libs/vdfs/
.git/modules/libs/vdfs/FETCH_HEAD
.git/modules/libs/vdfs/HEAD
.git/modules/libs/vdfs/config
.git/modules/libs/vdfs/description
.git/modules/libs/vdfs/index
.git/modules/libs/vdfs/packed-refs
.git/modules/libs/vdfs/branches/
.git/modules/libs/vdfs/hooks/
.git/modules/libs/vdfs/hooks/applypatch-msg.sample
.git/modules/libs/vdfs/hooks/commit-msg.sample
.git/modules/libs/vdfs/hooks/fsmonitor-watchman.sample
.git/modules/libs/vdfs/hooks/post-update.sample
.git/modules/libs/vdfs/hooks/pre-applypatch.sample
.git/modules/libs/vdfs/hooks/pre-commit.sample
.git/modules/libs/vdfs/hooks/pre-merge-commit.sample
.git/modules/libs/vdfs/hooks/pre-push.sample
.git/modules/libs/vdfs/hooks/pre-rebase.sample
.git/modules/libs/vdfs/hooks/pre-receive.sample
.git/modules/libs/vdfs/hooks/prepare-commit-msg.sample
.git/modules/libs/vdfs/hooks/push-to-checkout.sample
.git/modules/libs/vdfs/hooks/sendemail-validate.sample
.git/modules/libs/vdfs/hooks/update.sample
.git/modules/libs/vdfs/info/
.git/modules/libs/vdfs/info/exclude
.git/modules/libs/vdfs/logs/
.git/modules/libs/vdfs/logs/HEAD
.git/modules/libs/vdfs/logs/refs/
.git/modules/libs/vdfs/logs/refs/heads/
.git/modules/libs/vdfs/logs/refs/heads/main
.git/modules/libs/vdfs/logs/refs/remotes/
.git/modules/libs/vdfs/logs/refs/remotes/origin/
.git/modules/libs/vdfs/logs/refs/remotes/origin/HEAD
.git/modules/libs/vdfs/objects/
.git/modules/libs/vdfs/objects/info/
.git/modules/libs/vdfs/objects/pack/
.git/modules/libs/vdfs/objects/pack/pack-c1d911f54e8b87222d692c4db9efa0c6a3f35eb9.idx
.git/modules/libs/vdfs/objects/pack/pack-c1d911f54e8b87222d692c4db9efa0c6a3f35eb9.pack
.git/modules/libs/vdfs/objects/pack/pack-c1d911f54e8b87222d692c4db9efa0c6a3f35eb9.rev
.git/modules/libs/vdfs/refs/
.git/modules/libs/vdfs/refs/heads/
.git/modules/libs/vdfs/refs/heads/main
.git/modules/libs/vdfs/refs/remotes/
.git/modules/libs/vdfs/refs/remotes/origin/
.git/modules/libs/vdfs/refs/remotes/origin/HEAD
.git/modules/libs/vdfs/refs/tags/
.git/objects/
.git/objects/04/
.git/objects/04/c1a35876f6de2e2f71f33f56c31fd341e1edb8
.git/objects/08/
.git/objects/08/6ee6de69dc783996d2693dd315a7153fda9e71
.git/objects/09/
.git/objects/09/b14bd2eb06f11399c0221e1951cc23fae722c5
.git/objects/0a/
.git/objects/0a/c4735f8587e4e1f42e6ea80c73149342ff5f62
.git/objects/13/
.git/objects/13/7a0a0cc834cefb79c104abae1592a3ca87528c
.git/objects/13/c740b2d059999f5254a10a6692a0429173074d
.git/objects/22/
.git/objects/22/498c045828e71bb2b0d6e13eabbb86573d9db8
.git/objects/22/7317f669cb5fdc728d6014aa5919a85f91aacb
.git/objects/32/
.git/objects/32/f2eea2ad957c7131cf181147a68615ab8a4c84
.git/objects/4b/
.git/objects/4b/84b4d8ed63b51ffade9ffc80eb0acb99964335
.git/objects/5e/
.git/objects/5e/4642da65b33e0781116244b50e44d907f6cb0d
.git/objects/72/
.git/objects/72/267d95cc1c7a359e8c76b28c3acdbd2023a604
.git/objects/75/
.git/objects/75/b0b996fa977323d9a84f2387cbbbc25a976694
.git/objects/89/
.git/objects/89/1f1e760f861c7e3a5fbdf2dd2ea08076d6da4e
.git/objects/89/961314eec8968e3486851fb7d132e4fd8a3ebe
.git/objects/92/
.git/objects/92/acff9461a580e68cc3c5705f1df1fab81819ff
.git/objects/92/f81d09864ece73bfc4cb96c8480c2c2aa427cd
.git/objects/94/
.git/objects/94/2fe6f31d30f21ced387be0e48a7543f47560f8
.git/objects/9d/
.git/objects/9d/cf930612d9300b8ca339058293080f3a7d1986
.git/objects/a3/
.git/objects/a3/a0f303d743f3b61de8988b620de7ec2f993e1b
.git/objects/a7/
.git/objects/a7/c79d6fc551ac4a1cb6b62fc650e14233e81671
.git/objects/b5/
.git/objects/b5/28eb0e909d08b57d70fbcca345b9d8617a6412
.git/objects/bc/
.git/objects/bc/c7774c8a8d29f4e490db27f4c1fd3be44aec1a
.git/objects/c6/
.git/objects/c6/edfd338e76e646f30f519a33cba4568216c05f
.git/objects/c9/
.git/objects/c9/adc1880f6bbc1de0b57c97a43dbc9ae5216982
.git/objects/ce/
.git/objects/ce/31d443db62052a25dd398b00ce4903db8ea27a
.git/objects/d0/
.git/objects/d0/7507dc76559b914744139496e3a360d0ae2546
.git/objects/d5/
.git/objects/d5/5714e7c956cee3285634dab2c1731b481e17eb
.git/objects/d8/
.git/objects/d8/61fefcb45e16f686b1ecd7bc0608228b957148
.git/objects/da/
.git/objects/da/15523faf44212fa562a641ca1f22b11ce0e581
.git/objects/db/
.git/objects/db/6c850d41f3d10191d5ac566887f23c7c437b96
.git/objects/e3/
.git/objects/e3/b92aae62175fe4709094b2b81bb272cead8a88
.git/objects/e6/
.git/objects/e6/0e71ebe481f60d9112523119b374a2f2180fc8
.git/objects/e6/9de29bb2d1d6434b8b29ae775ad8c2e48c5391
.git/objects/ef/
.git/objects/ef/250bda67c3348ea500438018a2aefe85f2cec4
.git/objects/f0/
.git/objects/f0/327529c47df34699b0d857029ac7c590186fee
.git/objects/f2/
.git/objects/f2/d026040abfc7ed3be0fc9403147d0dae103f0a
.git/objects/f8/
.git/objects/f8/43c47610a10c988e11b7188f2f2fcc457aae18
.git/objects/f8/8c7852253336e7c8cb552eb824c0b2cb15cb2b
.git/objects/info/
.git/objects/pack/
.git/refs/
.git/refs/heads/
.git/refs/heads/main
.git/refs/remotes/
.git/refs/remotes/origin/
.git/refs/remotes/origin/main
.git/refs/tags/
envs/
envs/dummy.yaml
envs/environment.yaml
ground_truth/
ground_truth/project/
ground_truth/project/sub-01/
ground_truth/project/sub-01/experiment_name.txt
ground_truth/project/sub-01/ses-1/
ground_truth/project/sub-01/ses-1/anat/
ground_truth/project/sub-01/ses-1/fmap/
ground_truth/project/sub-01/ses-1/func/
ground_truth/raw_data/
ground_truth/raw_data/KSVN-CXXX/
ground_truth/raw_data/KSVN-CXXX/DICOM_NIFTI/
ground_truth/raw_data/KSVN-CXXX/DICOM_NIFTI/0001_localizer_tissueContrast_i00001.json
ground_truth/raw_data/KSVN-CXXX/DICOM_NIFTI/0001_localizer_tissueContrast_i00001.nii.gz
ground_truth/raw_data/KSVN-CXXX/DICOM_NIFTI/0001_localizer_tissueContrast_i00002.json
ground_truth/raw_data/KSVN-CXXX/DICOM_NIFTI/0001_localizer_tissueContrast_i00002.nii.gz
ground_truth/raw_data/KSVN-CXXX/DICOM_NIFTI/0001_localizer_tissueContrast_i00003.json
ground_truth/raw_data/KSVN-CXXX/DICOM_NIFTI/0001_localizer_tissueContrast_i00003.nii.gz
ground_truth/raw_data/KSVN-CXXX/DICOM_NIFTI/0002_aa_B0Mapping_3mm_e1.json
ground_truth/raw_data/KSVN-CXXX/DICOM_NIFTI/0002_aa_B0Mapping_3mm_e1.nii.gz
ground_truth/raw_data/KSVN-CXXX/DICOM_NIFTI/0002_aa_B0Mapping_3mm_e2.json
ground_truth/raw_data/KSVN-CXXX/DICOM_NIFTI/0002_aa_B0Mapping_3mm_e2.nii.gz
ground_truth/raw_data/KSVN-CXXX/DICOM_NIFTI/0003_B0_Map_e2_ph.json
ground_truth/raw_data/KSVN-CXXX/DICOM_NIFTI/0003_B0_Map_e2_ph.nii.gz
ground_truth/raw_data/KSVN-CXXX/DICOM_NIFTI/0004_si_MP2RAGE_0p75_3x1_Lipsia_INV1.json
ground_truth/raw_data/KSVN-CXXX/DICOM_NIFTI/0004_si_MP2RAGE_0p75_3x1_Lipsia_INV1.nii.gz
ground_truth/raw_data/KSVN-CXXX/DICOM_NIFTI/0005_si_MP2RAGE_0p75_3x1_Lipsia_T1_Images.json
ground_truth/raw_data/KSVN-CXXX/DICOM_NIFTI/0005_si_MP2RAGE_0p75_3x1_Lipsia_T1_Images.nii.gz
ground_truth/raw_data/KSVN-CXXX/DICOM_NIFTI/0005_si_MP2RAGE_0p75_3x1_Lipsia_T1_Images_ROI1.nii.gz
ground_truth/raw_data/KSVN-CXXX/DICOM_NIFTI/0006_si_MP2RAGE_0p75_3x1_Lipsia_UNI_Images.json
ground_truth/raw_data/KSVN-CXXX/DICOM_NIFTI/0006_si_MP2RAGE_0p75_3x1_Lipsia_UNI_Images.nii.gz
ground_truth/raw_data/KSVN-CXXX/DICOM_NIFTI/0007_si_MP2RAGE_0p75_3x1_Lipsia_INV2.json
ground_truth/raw_data/KSVN-CXXX/DICOM_NIFTI/0007_si_MP2RAGE_0p75_3x1_Lipsia_INV2.nii.gz
ground_truth/raw_data/KSVN-CXXX/DICOM_NIFTI/0008_ep2d_bold_800_whole_brain.json
ground_truth/raw_data/KSVN-CXXX/DICOM_NIFTI/0008_ep2d_bold_800_whole_brain.nii.gz
ground_truth/raw_data/KSVN-CXXX/DICOM_NIFTI/0009_ep2d_bold_800_whole_brain_revpe.json
ground_truth/raw_data/KSVN-CXXX/DICOM_NIFTI/0009_ep2d_bold_800_whole_brain_revpe.nii.gz
ground_truth/raw_data/KSVN-CXXX/DICOM_NIFTI/0011_gre_b0map_2D_multislice_e1.json
ground_truth/raw_data/KSVN-CXXX/DICOM_NIFTI/0011_gre_b0map_2D_multislice_e1.nii.gz
ground_truth/raw_data/KSVN-CXXX/DICOM_NIFTI/0011_gre_b0map_2D_multislice_e2.json
ground_truth/raw_data/KSVN-CXXX/DICOM_NIFTI/0011_gre_b0map_2D_multislice_e2.nii.gz
ground_truth/raw_data/KSVN-CXXX/DICOM_NIFTI/0012_gre_b0map_2D_multislice_e2_ph.json
ground_truth/raw_data/KSVN-CXXX/DICOM_NIFTI/0012_gre_b0map_2D_multislice_e2_ph.nii.gz
ground_truth/raw_data/KSVN-CXXX/DICOM_NIFTI/0013_ep2d_bold_800_test.json
ground_truth/raw_data/KSVN-CXXX/DICOM_NIFTI/0013_ep2d_bold_800_test.nii.gz
ground_truth/raw_data/KSVN-CXXX/DICOM_NIFTI/0014_ep2d_bold_800_test.json
ground_truth/raw_data/KSVN-CXXX/DICOM_NIFTI/0014_ep2d_bold_800_test.nii.gz
ground_truth/raw_data/KSVN-CXXX/DICOM_NIFTI/0015_ep2d_bold_800_task_run1.json
ground_truth/raw_data/KSVN-CXXX/DICOM_NIFTI/0015_ep2d_bold_800_task_run1.nii.gz
ground_truth/raw_data/KSVN-CXXX/DICOM_NIFTI/0016_StartFMRI.json
ground_truth/raw_data/KSVN-CXXX/DICOM_NIFTI/0016_StartFMRI.nii.gz
ground_truth/raw_data/KSVN-CXXX/DICOM_NIFTI/0017_MoCoSeries.json
ground_truth/raw_data/KSVN-CXXX/DICOM_NIFTI/0017_MoCoSeries.nii.gz
ground_truth/raw_data/KSVN-CXXX/DICOM_NIFTI/0019_Design.json
ground_truth/raw_data/KSVN-CXXX/DICOM_NIFTI/0019_Design.nii.gz
ground_truth/raw_data/KSVN-CXXX/DICOM_NIFTI/0020_EvaSeries_GLM.json
ground_truth/raw_data/KSVN-CXXX/DICOM_NIFTI/0020_EvaSeries_GLM.nii.gz
ground_truth/raw_data/KSVN-CXXX/DICOM_NIFTI/0021_Mean_&_t-Maps.json
ground_truth/raw_data/KSVN-CXXX/DICOM_NIFTI/0021_Mean_&_t-Maps.nii.gz
ground_truth/raw_data/KSVN-CXXX/DICOM_NIFTI/0022_ep2d_bold_800_task_run1.json
ground_truth/raw_data/KSVN-CXXX/DICOM_NIFTI/0022_ep2d_bold_800_task_run1.nii.gz
ground_truth/raw_data/KSVN-CXXX/DICOM_NIFTI/0023_StartFMRI.json
ground_truth/raw_data/KSVN-CXXX/DICOM_NIFTI/0023_StartFMRI.nii.gz
ground_truth/raw_data/KSVN-CXXX/DICOM_NIFTI/0024_MoCoSeries.json
ground_truth/raw_data/KSVN-CXXX/DICOM_NIFTI/0024_MoCoSeries.nii.gz
ground_truth/raw_data/KSVN-CXXX/DICOM_NIFTI/0026_Design.json
ground_truth/raw_data/KSVN-CXXX/DICOM_NIFTI/0026_Design.nii.gz
ground_truth/raw_data/KSVN-CXXX/DICOM_NIFTI/0027_EvaSeries_GLM.json
ground_truth/raw_data/KSVN-CXXX/DICOM_NIFTI/0027_EvaSeries_GLM.nii.gz
ground_truth/raw_data/KSVN-CXXX/DICOM_NIFTI/0028_Mean_&_t-Maps.json
ground_truth/raw_data/KSVN-CXXX/DICOM_NIFTI/0028_Mean_&_t-Maps.nii.gz
ground_truth/raw_data/KSVN-CXXX/DICOM_NIFTI/0029_ep2d_bold_800_task_run2.json
ground_truth/raw_data/KSVN-CXXX/DICOM_NIFTI/0029_ep2d_bold_800_task_run2.nii.gz
ground_truth/raw_data/KSVN-CXXX/DICOM_NIFTI/0030_StartFMRI.json
ground_truth/raw_data/KSVN-CXXX/DICOM_NIFTI/0030_StartFMRI.nii.gz
ground_truth/raw_data/KSVN-CXXX/DICOM_NIFTI/0031_MoCoSeries.json
ground_truth/raw_data/KSVN-CXXX/DICOM_NIFTI/0031_MoCoSeries.nii.gz
ground_truth/raw_data/KSVN-CXXX/DICOM_NIFTI/0033_Design.json
ground_truth/raw_data/KSVN-CXXX/DICOM_NIFTI/0033_Design.nii.gz
ground_truth/raw_data/KSVN-CXXX/DICOM_NIFTI/0034_EvaSeries_GLM.json
ground_truth/raw_data/KSVN-CXXX/DICOM_NIFTI/0034_EvaSeries_GLM.nii.gz
ground_truth/raw_data/KSVN-CXXX/DICOM_NIFTI/0035_Mean_&_t-Maps.json
ground_truth/raw_data/KSVN-CXXX/DICOM_NIFTI/0035_Mean_&_t-Maps.nii.gz
ground_truth/raw_data/KSVN-CXXX/DICOM_NIFTI/0036_ep2d_bold_800_task_run3.json
ground_truth/raw_data/KSVN-CXXX/DICOM_NIFTI/0036_ep2d_bold_800_task_run3.nii.gz
ground_truth/raw_data/KSVN-CXXX/DICOM_NIFTI/0037_StartFMRI.json
ground_truth/raw_data/KSVN-CXXX/DICOM_NIFTI/0037_StartFMRI.nii.gz
ground_truth/raw_data/KSVN-CXXX/DICOM_NIFTI/0038_MoCoSeries.json
ground_truth/raw_data/KSVN-CXXX/DICOM_NIFTI/0038_MoCoSeries.nii.gz
ground_truth/raw_data/KSVN-CXXX/DICOM_NIFTI/0040_Design.json
ground_truth/raw_data/KSVN-CXXX/DICOM_NIFTI/0040_Design.nii.gz
ground_truth/raw_data/KSVN-CXXX/DICOM_NIFTI/0041_EvaSeries_GLM.json
ground_truth/raw_data/KSVN-CXXX/DICOM_NIFTI/0041_EvaSeries_GLM.nii.gz
ground_truth/raw_data/KSVN-CXXX/DICOM_NIFTI/0042_Mean_&_t-Maps.json
ground_truth/raw_data/KSVN-CXXX/DICOM_NIFTI/0042_Mean_&_t-Maps.nii.gz
ground_truth/raw_data/KSVN-CXXX/DICOM_NIFTI/0043_ep2d_bold_800_revpe.json
ground_truth/raw_data/KSVN-CXXX/DICOM_NIFTI/0043_ep2d_bold_800_revpe.nii.gz
ground_truth/raw_data/KSVN-CXXX/DICOM_NIFTI/0044_MoCoSeries.json
ground_truth/raw_data/KSVN-CXXX/DICOM_NIFTI/0044_MoCoSeries.nii.gz
ground_truth/raw_data/KSVN-CXXX/DICOM_NIFTI/0045_gre_b0map_2D_multislice_e1.json
ground_truth/raw_data/KSVN-CXXX/DICOM_NIFTI/0045_gre_b0map_2D_multislice_e1.nii.gz
ground_truth/raw_data/KSVN-CXXX/DICOM_NIFTI/0045_gre_b0map_2D_multislice_e2.json
ground_truth/raw_data/KSVN-CXXX/DICOM_NIFTI/0045_gre_b0map_2D_multislice_e2.nii.gz
ground_truth/raw_data/KSVN-CXXX/DICOM_NIFTI/0046_gre_b0map_2D_multislice_e2_ph.json
ground_truth/raw_data/KSVN-CXXX/DICOM_NIFTI/0046_gre_b0map_2D_multislice_e2_ph.nii.gz
ground_truth/raw_data/KSVN-CXXX/DICOM_NIFTI/0047_jb_greCAIPI_400_2x1_MP_FC_FIDPS_e1.json
ground_truth/raw_data/KSVN-CXXX/DICOM_NIFTI/0047_jb_greCAIPI_400_2x1_MP_FC_FIDPS_e1.nii.gz
ground_truth/raw_data/KSVN-CXXX/DICOM_NIFTI/0047_jb_greCAIPI_400_2x1_MP_FC_FIDPS_e2.json
ground_truth/raw_data/KSVN-CXXX/DICOM_NIFTI/0047_jb_greCAIPI_400_2x1_MP_FC_FIDPS_e2.nii.gz
ground_truth/raw_data/KSVN-CXXX/DICOM_NIFTI/0047_jb_greCAIPI_400_2x1_MP_FC_FIDPS_e3.json
ground_truth/raw_data/KSVN-CXXX/DICOM_NIFTI/0047_jb_greCAIPI_400_2x1_MP_FC_FIDPS_e3.nii.gz
ground_truth/raw_data/KSVN-CXXX/DICOM_NIFTI/0048_ep2d_bold_800_task_run4.json
ground_truth/raw_data/KSVN-CXXX/DICOM_NIFTI/0048_ep2d_bold_800_task_run4.nii.gz
ground_truth/raw_data/KSVN-CXXX/DICOM_NIFTI/0049_StartFMRI.json
ground_truth/raw_data/KSVN-CXXX/DICOM_NIFTI/0049_StartFMRI.nii.gz
ground_truth/raw_data/KSVN-CXXX/DICOM_NIFTI/0050_MoCoSeries.json
ground_truth/raw_data/KSVN-CXXX/DICOM_NIFTI/0050_MoCoSeries.nii.gz
ground_truth/raw_data/KSVN-CXXX/DICOM_NIFTI/0052_Design.json
ground_truth/raw_data/KSVN-CXXX/DICOM_NIFTI/0052_Design.nii.gz
ground_truth/raw_data/KSVN-CXXX/DICOM_NIFTI/0053_EvaSeries_GLM.json
ground_truth/raw_data/KSVN-CXXX/DICOM_NIFTI/0053_EvaSeries_GLM.nii.gz
ground_truth/raw_data/KSVN-CXXX/DICOM_NIFTI/0054_Mean_&_t-Maps.json
ground_truth/raw_data/KSVN-CXXX/DICOM_NIFTI/0054_Mean_&_t-Maps.nii.gz
ground_truth/raw_data/KSVN-CXXX/DICOM_NIFTI/0055_ep2d_bold_800_task_run5.json
ground_truth/raw_data/KSVN-CXXX/DICOM_NIFTI/0055_ep2d_bold_800_task_run5.nii.gz
ground_truth/raw_data/KSVN-CXXX/DICOM_NIFTI/0056_StartFMRI.json
ground_truth/raw_data/KSVN-CXXX/DICOM_NIFTI/0056_StartFMRI.nii.gz
ground_truth/raw_data/KSVN-CXXX/DICOM_NIFTI/0057_MoCoSeries.json
ground_truth/raw_data/KSVN-CXXX/DICOM_NIFTI/0057_MoCoSeries.nii.gz
ground_truth/raw_data/KSVN-CXXX/DICOM_NIFTI/0059_Design.json
ground_truth/raw_data/KSVN-CXXX/DICOM_NIFTI/0059_Design.nii.gz
ground_truth/raw_data/KSVN-CXXX/DICOM_NIFTI/0060_EvaSeries_GLM.json
ground_truth/raw_data/KSVN-CXXX/DICOM_NIFTI/0060_EvaSeries_GLM.nii.gz
ground_truth/raw_data/KSVN-CXXX/DICOM_NIFTI/0061_Mean_&_t-Maps.json
ground_truth/raw_data/KSVN-CXXX/DICOM_NIFTI/0061_Mean_&_t-Maps.nii.gz
ground_truth/raw_data/KSVN-CXXX/DICOM_NIFTI/0062_ep2d_bold_800_task_run6.json
ground_truth/raw_data/KSVN-CXXX/DICOM_NIFTI/0062_ep2d_bold_800_task_run6.nii.gz
ground_truth/raw_data/KSVN-CXXX/DICOM_NIFTI/0063_StartFMRI.json
ground_truth/raw_data/KSVN-CXXX/DICOM_NIFTI/0063_StartFMRI.nii.gz
ground_truth/raw_data/KSVN-CXXX/DICOM_NIFTI/0064_MoCoSeries.json
ground_truth/raw_data/KSVN-CXXX/DICOM_NIFTI/0064_MoCoSeries.nii.gz
ground_truth/raw_data/KSVN-CXXX/DICOM_NIFTI/0066_Design.json
ground_truth/raw_data/KSVN-CXXX/DICOM_NIFTI/0066_Design.nii.gz
ground_truth/raw_data/KSVN-CXXX/DICOM_NIFTI/0067_EvaSeries_GLM.json
ground_truth/raw_data/KSVN-CXXX/DICOM_NIFTI/0067_EvaSeries_GLM.nii.gz
ground_truth/raw_data/KSVN-CXXX/DICOM_NIFTI/0068_Mean_&_t-Maps.json
ground_truth/raw_data/KSVN-CXXX/DICOM_NIFTI/0068_Mean_&_t-Maps.nii.gz
ground_truth/raw_data/KSVN-CXXX/DICOM_NIFTI/0100_MPR_Range_.json
ground_truth/raw_data/KSVN-CXXX/DICOM_NIFTI/0100_MPR_Range_.nii.gz
ground_truth/raw_data/KSVN-CXXX/DICOM_NIFTI/0100_MPR_Range__ROI1.nii.gz
ground_truth/raw_data/KSVN-CXXX/DICOM_NIFTI/0101_mean_bold_4runs.json
ground_truth/raw_data/KSVN-CXXX/DICOM_NIFTI/0101_mean_bold_4runs.nii.gz
ground_truth/raw_data/KSVN-CXXX/DICOM_NIFTI/0102_avg_glm_4runs.json
ground_truth/raw_data/KSVN-CXXX/DICOM_NIFTI/0102_avg_glm_4runs.nii.gz
ground_truth/raw_data/KSVN-CXXX/DICOM_NIFTI/0103_sum_bold_5runs.json
ground_truth/raw_data/KSVN-CXXX/DICOM_NIFTI/0103_sum_bold_5runs.nii.gz
ground_truth/raw_data/KSVN-CXXX/DICOM_NIFTI/0104_avg_glm_5runs.json
ground_truth/raw_data/KSVN-CXXX/DICOM_NIFTI/0104_avg_glm_5runs.nii.gz
ground_truth/raw_data/KSVN-CXXX/DICOM_NIFTI/0105_avg_bold_5runs.json
ground_truth/raw_data/KSVN-CXXX/DICOM_NIFTI/0105_avg_bold_5runs.nii.gz
ground_truth/raw_data/KSVN-CXXX/DICOM_TGZ/
ground_truth/raw_data/KSVN-CXXX/DICOM_TGZ/0001_localizer_tissueContrast.tgz
ground_truth/raw_data/KSVN-CXXX/DICOM_TGZ/0002_aa_B0Mapping_3mm.tgz
ground_truth/raw_data/KSVN-CXXX/DICOM_TGZ/0003_B0_Map.tgz
ground_truth/raw_data/KSVN-CXXX/DICOM_TGZ/0004_si_MP2RAGE_0p75_3x1_Lipsia_INV1.tgz
ground_truth/raw_data/KSVN-CXXX/DICOM_TGZ/0005_si_MP2RAGE_0p75_3x1_Lipsia_T1_Images.tgz
ground_truth/raw_data/KSVN-CXXX/DICOM_TGZ/0006_si_MP2RAGE_0p75_3x1_Lipsia_UNI_Images.tgz
ground_truth/raw_data/KSVN-CXXX/DICOM_TGZ/0007_si_MP2RAGE_0p75_3x1_Lipsia_INV2.tgz
ground_truth/raw_data/KSVN-CXXX/DICOM_TGZ/0008_ep2d_bold_800_whole_brain.tgz
ground_truth/raw_data/KSVN-CXXX/DICOM_TGZ/0009_ep2d_bold_800_whole_brain_revpe.tgz
ground_truth/raw_data/KSVN-CXXX/DICOM_TGZ/0011_gre_b0map_2D_multislice.tgz
ground_truth/raw_data/KSVN-CXXX/DICOM_TGZ/0012_gre_b0map_2D_multislice.tgz
ground_truth/raw_data/KSVN-CXXX/DICOM_TGZ/0013_ep2d_bold_800_test.tgz
ground_truth/raw_data/KSVN-CXXX/DICOM_TGZ/0014_ep2d_bold_800_test.tgz
ground_truth/raw_data/KSVN-CXXX/DICOM_TGZ/0015_ep2d_bold_800_task_run1.tgz
ground_truth/raw_data/KSVN-CXXX/DICOM_TGZ/0016_StartFMRI.tgz
ground_truth/raw_data/KSVN-CXXX/DICOM_TGZ/0017_MoCoSeries.tgz
ground_truth/raw_data/KSVN-CXXX/DICOM_TGZ/0019_Design.tgz
ground_truth/raw_data/KSVN-CXXX/DICOM_TGZ/0020_EvaSeries_GLM.tgz
ground_truth/raw_data/KSVN-CXXX/DICOM_TGZ/0021_Mean_&_t-Maps.tgz
ground_truth/raw_data/KSVN-CXXX/DICOM_TGZ/0022_ep2d_bold_800_task_run1.tgz
ground_truth/raw_data/KSVN-CXXX/DICOM_TGZ/0023_StartFMRI.tgz
ground_truth/raw_data/KSVN-CXXX/DICOM_TGZ/0024_MoCoSeries.tgz
ground_truth/raw_data/KSVN-CXXX/DICOM_TGZ/0026_Design.tgz
ground_truth/raw_data/KSVN-CXXX/DICOM_TGZ/0027_EvaSeries_GLM.tgz
ground_truth/raw_data/KSVN-CXXX/DICOM_TGZ/0028_Mean_&_t-Maps.tgz
ground_truth/raw_data/KSVN-CXXX/DICOM_TGZ/0029_ep2d_bold_800_task_run2.tgz
ground_truth/raw_data/KSVN-CXXX/DICOM_TGZ/0030_StartFMRI.tgz
ground_truth/raw_data/KSVN-CXXX/DICOM_TGZ/0031_MoCoSeries.tgz
ground_truth/raw_data/KSVN-CXXX/DICOM_TGZ/0033_Design.tgz
ground_truth/raw_data/KSVN-CXXX/DICOM_TGZ/0034_EvaSeries_GLM.tgz
ground_truth/raw_data/KSVN-CXXX/DICOM_TGZ/0035_Mean_&_t-Maps.tgz
ground_truth/raw_data/KSVN-CXXX/DICOM_TGZ/0036_ep2d_bold_800_task_run3.tgz
ground_truth/raw_data/KSVN-CXXX/DICOM_TGZ/0037_StartFMRI.tgz
ground_truth/raw_data/KSVN-CXXX/DICOM_TGZ/0038_MoCoSeries.tgz
ground_truth/raw_data/KSVN-CXXX/DICOM_TGZ/0040_Design.tgz
ground_truth/raw_data/KSVN-CXXX/DICOM_TGZ/0041_EvaSeries_GLM.tgz
ground_truth/raw_data/KSVN-CXXX/DICOM_TGZ/0042_Mean_&_t-Maps.tgz
ground_truth/raw_data/KSVN-CXXX/DICOM_TGZ/0043_ep2d_bold_800_revpe.tgz
ground_truth/raw_data/KSVN-CXXX/DICOM_TGZ/0044_MoCoSeries.tgz
ground_truth/raw_data/KSVN-CXXX/DICOM_TGZ/0045_gre_b0map_2D_multislice.tgz
ground_truth/raw_data/KSVN-CXXX/DICOM_TGZ/0046_gre_b0map_2D_multislice.tgz
ground_truth/raw_data/KSVN-CXXX/DICOM_TGZ/0047_jb_greCAIPI_400_2x1_MP_FC_FIDPS.tgz
ground_truth/raw_data/KSVN-CXXX/DICOM_TGZ/0048_ep2d_bold_800_task_run4.tgz
ground_truth/raw_data/KSVN-CXXX/DICOM_TGZ/0049_StartFMRI.tgz
ground_truth/raw_data/KSVN-CXXX/DICOM_TGZ/0050_MoCoSeries.tgz
ground_truth/raw_data/KSVN-CXXX/DICOM_TGZ/0052_Design.tgz
ground_truth/raw_data/KSVN-CXXX/DICOM_TGZ/0053_EvaSeries_GLM.tgz
ground_truth/raw_data/KSVN-CXXX/DICOM_TGZ/0054_Mean_&_t-Maps.tgz
ground_truth/raw_data/KSVN-CXXX/DICOM_TGZ/0055_ep2d_bold_800_task_run5.tgz
ground_truth/raw_data/KSVN-CXXX/DICOM_TGZ/0056_StartFMRI.tgz
ground_truth/raw_data/KSVN-CXXX/DICOM_TGZ/0057_MoCoSeries.tgz
ground_truth/raw_data/KSVN-CXXX/DICOM_TGZ/0059_Design.tgz
ground_truth/raw_data/KSVN-CXXX/DICOM_TGZ/0060_EvaSeries_GLM.tgz
ground_truth/raw_data/KSVN-CXXX/DICOM_TGZ/0061_Mean_&_t-Maps.tgz
ground_truth/raw_data/KSVN-CXXX/DICOM_TGZ/0062_ep2d_bold_800_task_run6.tgz
ground_truth/raw_data/KSVN-CXXX/DICOM_TGZ/0063_StartFMRI.tgz
ground_truth/raw_data/KSVN-CXXX/DICOM_TGZ/0064_MoCoSeries.tgz
ground_truth/raw_data/KSVN-CXXX/DICOM_TGZ/0066_Design.tgz
ground_truth/raw_data/KSVN-CXXX/DICOM_TGZ/0067_EvaSeries_GLM.tgz
ground_truth/raw_data/KSVN-CXXX/DICOM_TGZ/0068_Mean_&_t-Maps.tgz
ground_truth/raw_data/KSVN-CXXX/DICOM_TGZ/0100_<MPR Range>.tgz
ground_truth/raw_data/KSVN-CXXX/DICOM_TGZ/0101_mean_bold_4runs.tgz
ground_truth/raw_data/KSVN-CXXX/DICOM_TGZ/0102_avg_glm_4runs.tgz
ground_truth/raw_data/KSVN-CXXX/DICOM_TGZ/0103_sum_bold_5runs.tgz
ground_truth/raw_data/KSVN-CXXX/DICOM_TGZ/0104_avg_glm_5runs.tgz
ground_truth/raw_data/KSVN-CXXX/DICOM_TGZ/0105_avg_bold_5runs.tgz
ground_truth/raw_data/KSVN-CXXX/EXPDATA/
ground_truth/raw_data/KSVN-CXXX/EXPDATA/20250507_KSVN-CXXX.pdf
ground_truth/raw_data/KSVN-CXXX/EXPDATA/aa_B0Mapping_3mm.pro
ground_truth/raw_data/KSVN-CXXX/EXPDATA/ep2d_bold_800_revpe.pro
ground_truth/raw_data/KSVN-CXXX/EXPDATA/ep2d_bold_800_task_run1.pro
ground_truth/raw_data/KSVN-CXXX/EXPDATA/ep2d_bold_800_task_run2.pro
ground_truth/raw_data/KSVN-CXXX/EXPDATA/ep2d_bold_800_task_run3.pro
ground_truth/raw_data/KSVN-CXXX/EXPDATA/ep2d_bold_800_task_run4.pro
ground_truth/raw_data/KSVN-CXXX/EXPDATA/ep2d_bold_800_task_run5.pro
ground_truth/raw_data/KSVN-CXXX/EXPDATA/ep2d_bold_800_task_run6.pro
ground_truth/raw_data/KSVN-CXXX/EXPDATA/ep2d_bold_800_test.pro
ground_truth/raw_data/KSVN-CXXX/EXPDATA/ep2d_bold_800_whole_brain.pro
ground_truth/raw_data/KSVN-CXXX/EXPDATA/ep2d_bold_800_whole_brain_revpe.pro
ground_truth/raw_data/KSVN-CXXX/EXPDATA/gre_b0map_2D_multislice (1).pro
ground_truth/raw_data/KSVN-CXXX/EXPDATA/gre_b0map_2D_multislice.pro
ground_truth/raw_data/KSVN-CXXX/EXPDATA/jb_greCAIPI_400_2x1_MP_FC_FIDPS.pro
ground_truth/raw_data/KSVN-CXXX/EXPDATA/localizer_tissueContrast.pro
ground_truth/raw_data/KSVN-CXXX/EXPDATA/si_MP2RAGE_0p75_3x1_Lipsia.pro
ground_truth/raw_data/KSVN-CXXX/TWIX/
ground_truth/raw_data/KSVN-CXXX/TWIX/allData#S94Tuebingen#F13620#M159#D070525#T113312#AdjDico.dat
ground_truth/raw_data/KSVN-CXXX/TWIX/allData#S94Tuebingen#F13621#M160#D070525#T113322#AdjFre.dat
ground_truth/raw_data/KSVN-CXXX/TWIX/allData#S94Tuebingen#F13622#M161#D070525#T113327#AdjTra2D.dat
ground_truth/raw_data/KSVN-CXXX/TWIX/allData#S94Tuebingen#F13623#M162#D070525#T113334#AdjDico.dat
ground_truth/raw_data/KSVN-CXXX/TWIX/allData#S94Tuebingen#F13624#M163#D070525#T113344#localizer_tissueContrast.dat
ground_truth/raw_data/KSVN-CXXX/TWIX/allData#S94Tuebingen#F13625#M164#D070525#T113406#AdjFre.dat
ground_truth/raw_data/KSVN-CXXX/TWIX/allData#S94Tuebingen#F13626#M165#D070525#T113507#AdjFre.dat
ground_truth/raw_data/KSVN-CXXX/TWIX/allData#S94Tuebingen#F13627#M166#D070525#T113513#aa_B0Mapping_3mm.dat
ground_truth/raw_data/KSVN-CXXX/TWIX/allData#S94Tuebingen#F13628#M167#D070525#T113737#AdjFre.dat
ground_truth/raw_data/KSVN-CXXX/TWIX/allData#S94Tuebingen#F13629#M168#D070525#T113749#AdjFre.dat
ground_truth/raw_data/KSVN-CXXX/TWIX/allData#S94Tuebingen#F13630#M169#D070525#T113803#AdjFre.dat
ground_truth/raw_data/KSVN-CXXX/TWIX/allData#S94Tuebingen#F13631#M170#D070525#T113816#AdjFre.dat
ground_truth/raw_data/KSVN-CXXX/TWIX/allData#S94Tuebingen#F13633#M172#D070525#T113845#si_MP2RAGE_0p75_3x1_Lipsia.dat
ground_truth/raw_data/KSVN-CXXX/TWIX/allData#S94Tuebingen#F13634#M173#D070525#T115002#AdjFre.dat
ground_truth/raw_data/KSVN-CXXX/TWIX/allData#S94Tuebingen#F13635#M174#D070525#T115009#ep2d_bold_800_whole_brain.dat
ground_truth/raw_data/KSVN-CXXX/TWIX/allData#S94Tuebingen#F13636#M175#D070525#T115307#AdjFre.dat
ground_truth/raw_data/KSVN-CXXX/TWIX/allData#S94Tuebingen#F13637#M176#D070525#T115313#ep2d_bold_800_whole_brain_revpe.dat
ground_truth/raw_data/KSVN-CXXX/TWIX/allData#S94Tuebingen#F13638#M177#D070525#T115611#gre_b0map_2D_multislice.dat
ground_truth/raw_data/KSVN-CXXX/TWIX/allData#S94Tuebingen#F13639#M178#D070525#T115752#AdjDico.dat
ground_truth/raw_data/KSVN-CXXX/TWIX/allData#S94Tuebingen#F13640#M179#D070525#T115805#AdjFre.dat
ground_truth/raw_data/KSVN-CXXX/TWIX/allData#S94Tuebingen#F13641#M180#D070525#T115810#AdjTra2D.dat
ground_truth/raw_data/KSVN-CXXX/TWIX/allData#S94Tuebingen#F13642#M181#D070525#T115817#AdjDico.dat
ground_truth/raw_data/KSVN-CXXX/TWIX/allData#S94Tuebingen#F13643#M182#D070525#T115827#AdjFieldMap.dat
ground_truth/raw_data/KSVN-CXXX/TWIX/allData#S94Tuebingen#F13644#M183#D070525#T115900#AdjFieldMap.dat
ground_truth/raw_data/KSVN-CXXX/TWIX/allData#S94Tuebingen#F13645#M184#D070525#T115923#AdjFre.dat
ground_truth/raw_data/KSVN-CXXX/TWIX/allData#S94Tuebingen#F13646#M185#D070525#T115932#gre_b0map_2D_multislice.dat
