sending incremental file list
piloting_May2025/
piloting_May2025/.gitignore
piloting_May2025/.gitmodules
piloting_May2025/README.md
piloting_May2025/.git/
piloting_May2025/.git/COMMIT_EDITMSG
piloting_May2025/.git/FETCH_HEAD
piloting_May2025/.git/HEAD
piloting_May2025/.git/config
piloting_May2025/.git/description
piloting_May2025/.git/index
piloting_May2025/.git/branches/
piloting_May2025/.git/hooks/
piloting_May2025/.git/hooks/applypatch-msg.sample
piloting_May2025/.git/hooks/commit-msg.sample
piloting_May2025/.git/hooks/fsmonitor-watchman.sample
piloting_May2025/.git/hooks/post-update.sample
piloting_May2025/.git/hooks/pre-applypatch.sample
piloting_May2025/.git/hooks/pre-commit.sample
piloting_May2025/.git/hooks/pre-merge-commit.sample
piloting_May2025/.git/hooks/pre-push.sample
piloting_May2025/.git/hooks/pre-rebase.sample
piloting_May2025/.git/hooks/pre-receive.sample
piloting_May2025/.git/hooks/prepare-commit-msg.sample
piloting_May2025/.git/hooks/push-to-checkout.sample
piloting_May2025/.git/hooks/sendemail-validate.sample
piloting_May2025/.git/hooks/update.sample
piloting_May2025/.git/info/
piloting_May2025/.git/info/exclude
piloting_May2025/.git/logs/
piloting_May2025/.git/logs/HEAD
piloting_May2025/.git/logs/refs/
piloting_May2025/.git/logs/refs/heads/
piloting_May2025/.git/logs/refs/heads/main
piloting_May2025/.git/logs/refs/remotes/
piloting_May2025/.git/logs/refs/remotes/origin/
piloting_May2025/.git/logs/refs/remotes/origin/main
piloting_May2025/.git/modules/
piloting_May2025/.git/modules/libs/
piloting_May2025/.git/modules/libs/asrs/
piloting_May2025/.git/modules/libs/asrs/COMMIT_EDITMSG
piloting_May2025/.git/modules/libs/asrs/FETCH_HEAD
piloting_May2025/.git/modules/libs/asrs/HEAD
piloting_May2025/.git/modules/libs/asrs/config
piloting_May2025/.git/modules/libs/asrs/description
piloting_May2025/.git/modules/libs/asrs/index
piloting_May2025/.git/modules/libs/asrs/packed-refs
piloting_May2025/.git/modules/libs/asrs/branches/
piloting_May2025/.git/modules/libs/asrs/hooks/
piloting_May2025/.git/modules/libs/asrs/hooks/applypatch-msg.sample
piloting_May2025/.git/modules/libs/asrs/hooks/commit-msg.sample
piloting_May2025/.git/modules/libs/asrs/hooks/fsmonitor-watchman.sample
piloting_May2025/.git/modules/libs/asrs/hooks/post-update.sample
piloting_May2025/.git/modules/libs/asrs/hooks/pre-applypatch.sample
piloting_May2025/.git/modules/libs/asrs/hooks/pre-commit.sample
piloting_May2025/.git/modules/libs/asrs/hooks/pre-merge-commit.sample
piloting_May2025/.git/modules/libs/asrs/hooks/pre-push.sample
piloting_May2025/.git/modules/libs/asrs/hooks/pre-rebase.sample
piloting_May2025/.git/modules/libs/asrs/hooks/pre-receive.sample
piloting_May2025/.git/modules/libs/asrs/hooks/prepare-commit-msg.sample
piloting_May2025/.git/modules/libs/asrs/hooks/push-to-checkout.sample
piloting_May2025/.git/modules/libs/asrs/hooks/sendemail-validate.sample
piloting_May2025/.git/modules/libs/asrs/hooks/update.sample
piloting_May2025/.git/modules/libs/asrs/info/
piloting_May2025/.git/modules/libs/asrs/info/exclude
piloting_May2025/.git/modules/libs/asrs/logs/
piloting_May2025/.git/modules/libs/asrs/logs/HEAD
piloting_May2025/.git/modules/libs/asrs/logs/refs/
piloting_May2025/.git/modules/libs/asrs/logs/refs/heads/
piloting_May2025/.git/modules/libs/asrs/logs/refs/heads/main
piloting_May2025/.git/modules/libs/asrs/logs/refs/remotes/
piloting_May2025/.git/modules/libs/asrs/logs/refs/remotes/origin/
piloting_May2025/.git/modules/libs/asrs/logs/refs/remotes/origin/HEAD
piloting_May2025/.git/modules/libs/asrs/logs/refs/remotes/origin/main
piloting_May2025/.git/modules/libs/asrs/objects/
piloting_May2025/.git/modules/libs/asrs/objects/52/
piloting_May2025/.git/modules/libs/asrs/objects/52/243a7362cac5cbf4005c59c770960db3144acc
piloting_May2025/.git/modules/libs/asrs/objects/a2/
piloting_May2025/.git/modules/libs/asrs/objects/a2/23c44c5ec60449e14a88396a5183ad994e9026
piloting_May2025/.git/modules/libs/asrs/objects/e6/
piloting_May2025/.git/modules/libs/asrs/objects/e6/9de29bb2d1d6434b8b29ae775ad8c2e48c5391
piloting_May2025/.git/modules/libs/asrs/objects/info/
piloting_May2025/.git/modules/libs/asrs/objects/pack/
piloting_May2025/.git/modules/libs/asrs/objects/pack/pack-18da56b7127505fc9ff4d65eb548b73a6e9fb587.idx
piloting_May2025/.git/modules/libs/asrs/objects/pack/pack-18da56b7127505fc9ff4d65eb548b73a6e9fb587.pack
piloting_May2025/.git/modules/libs/asrs/objects/pack/pack-18da56b7127505fc9ff4d65eb548b73a6e9fb587.rev
piloting_May2025/.git/modules/libs/asrs/refs/
piloting_May2025/.git/modules/libs/asrs/refs/heads/
piloting_May2025/.git/modules/libs/asrs/refs/heads/main
piloting_May2025/.git/modules/libs/asrs/refs/remotes/
piloting_May2025/.git/modules/libs/asrs/refs/remotes/origin/
piloting_May2025/.git/modules/libs/asrs/refs/remotes/origin/HEAD
piloting_May2025/.git/modules/libs/asrs/refs/remotes/origin/main
piloting_May2025/.git/modules/libs/asrs/refs/tags/
piloting_May2025/.git/modules/libs/mp2rage_recon-all/
piloting_May2025/.git/modules/libs/mp2rage_recon-all/COMMIT_EDITMSG
piloting_May2025/.git/modules/libs/mp2rage_recon-all/FETCH_HEAD
piloting_May2025/.git/modules/libs/mp2rage_recon-all/HEAD
piloting_May2025/.git/modules/libs/mp2rage_recon-all/config
piloting_May2025/.git/modules/libs/mp2rage_recon-all/description
piloting_May2025/.git/modules/libs/mp2rage_recon-all/index
piloting_May2025/.git/modules/libs/mp2rage_recon-all/packed-refs
piloting_May2025/.git/modules/libs/mp2rage_recon-all/branches/
piloting_May2025/.git/modules/libs/mp2rage_recon-all/hooks/
piloting_May2025/.git/modules/libs/mp2rage_recon-all/hooks/applypatch-msg.sample
piloting_May2025/.git/modules/libs/mp2rage_recon-all/hooks/commit-msg.sample
piloting_May2025/.git/modules/libs/mp2rage_recon-all/hooks/fsmonitor-watchman.sample
piloting_May2025/.git/modules/libs/mp2rage_recon-all/hooks/post-update.sample
piloting_May2025/.git/modules/libs/mp2rage_recon-all/hooks/pre-applypatch.sample
piloting_May2025/.git/modules/libs/mp2rage_recon-all/hooks/pre-commit.sample
piloting_May2025/.git/modules/libs/mp2rage_recon-all/hooks/pre-merge-commit.sample
piloting_May2025/.git/modules/libs/mp2rage_recon-all/hooks/pre-push.sample
piloting_May2025/.git/modules/libs/mp2rage_recon-all/hooks/pre-rebase.sample
piloting_May2025/.git/modules/libs/mp2rage_recon-all/hooks/pre-receive.sample
piloting_May2025/.git/modules/libs/mp2rage_recon-all/hooks/prepare-commit-msg.sample
piloting_May2025/.git/modules/libs/mp2rage_recon-all/hooks/push-to-checkout.sample
piloting_May2025/.git/modules/libs/mp2rage_recon-all/hooks/sendemail-validate.sample
piloting_May2025/.git/modules/libs/mp2rage_recon-all/hooks/update.sample
piloting_May2025/.git/modules/libs/mp2rage_recon-all/info/
piloting_May2025/.git/modules/libs/mp2rage_recon-all/info/exclude
piloting_May2025/.git/modules/libs/mp2rage_recon-all/logs/
piloting_May2025/.git/modules/libs/mp2rage_recon-all/logs/HEAD
piloting_May2025/.git/modules/libs/mp2rage_recon-all/logs/refs/
piloting_May2025/.git/modules/libs/mp2rage_recon-all/logs/refs/heads/
piloting_May2025/.git/modules/libs/mp2rage_recon-all/logs/refs/heads/master
piloting_May2025/.git/modules/libs/mp2rage_recon-all/logs/refs/remotes/
piloting_May2025/.git/modules/libs/mp2rage_recon-all/logs/refs/remotes/origin/
piloting_May2025/.git/modules/libs/mp2rage_recon-all/logs/refs/remotes/origin/HEAD
piloting_May2025/.git/modules/libs/mp2rage_recon-all/logs/refs/remotes/origin/master
piloting_May2025/.git/modules/libs/mp2rage_recon-all/objects/
piloting_May2025/.git/modules/libs/mp2rage_recon-all/objects/08/
piloting_May2025/.git/modules/libs/mp2rage_recon-all/objects/08/43fcc306a5d88394cbebc1da398f45486f627f
piloting_May2025/.git/modules/libs/mp2rage_recon-all/objects/51/
piloting_May2025/.git/modules/libs/mp2rage_recon-all/objects/51/b53d545748b1c1596682465e550faac6135ed8
piloting_May2025/.git/modules/libs/mp2rage_recon-all/objects/5a/
piloting_May2025/.git/modules/libs/mp2rage_recon-all/objects/5a/62027d1a454b3222d1f59d9127714a2730e624
piloting_May2025/.git/modules/libs/mp2rage_recon-all/objects/75/
piloting_May2025/.git/modules/libs/mp2rage_recon-all/objects/75/b0b996fa977323d9a84f2387cbbbc25a976694
piloting_May2025/.git/modules/libs/mp2rage_recon-all/objects/b3/
piloting_May2025/.git/modules/libs/mp2rage_recon-all/objects/b3/4150b23559d8bf0a4bce816a73fa8bd7af28d8
piloting_May2025/.git/modules/libs/mp2rage_recon-all/objects/bd/
piloting_May2025/.git/modules/libs/mp2rage_recon-all/objects/bd/48cd95312ac17b2bf60f6cf9556983a0557782
piloting_May2025/.git/modules/libs/mp2rage_recon-all/objects/e4/
piloting_May2025/.git/modules/libs/mp2rage_recon-all/objects/e4/4a7d3523f0d72aeebf6d54a0558535c9838e26
piloting_May2025/.git/modules/libs/mp2rage_recon-all/objects/e6/
piloting_May2025/.git/modules/libs/mp2rage_recon-all/objects/e6/9de29bb2d1d6434b8b29ae775ad8c2e48c5391
piloting_May2025/.git/modules/libs/mp2rage_recon-all/objects/info/
piloting_May2025/.git/modules/libs/mp2rage_recon-all/objects/pack/
piloting_May2025/.git/modules/libs/mp2rage_recon-all/objects/pack/pack-e07ea84dd0a5138ddd47f8cafa7baa005938325e.idx
piloting_May2025/.git/modules/libs/mp2rage_recon-all/objects/pack/pack-e07ea84dd0a5138ddd47f8cafa7baa005938325e.pack
piloting_May2025/.git/modules/libs/mp2rage_recon-all/objects/pack/pack-e07ea84dd0a5138ddd47f8cafa7baa005938325e.rev
piloting_May2025/.git/modules/libs/mp2rage_recon-all/refs/
piloting_May2025/.git/modules/libs/mp2rage_recon-all/refs/heads/
piloting_May2025/.git/modules/libs/mp2rage_recon-all/refs/heads/master
piloting_May2025/.git/modules/libs/mp2rage_recon-all/refs/remotes/
piloting_May2025/.git/modules/libs/mp2rage_recon-all/refs/remotes/origin/
piloting_May2025/.git/modules/libs/mp2rage_recon-all/refs/remotes/origin/HEAD
piloting_May2025/.git/modules/libs/mp2rage_recon-all/refs/remotes/origin/master
piloting_May2025/.git/modules/libs/mp2rage_recon-all/refs/tags/
piloting_May2025/.git/modules/libs/vdfs/
piloting_May2025/.git/modules/libs/vdfs/FETCH_HEAD
piloting_May2025/.git/modules/libs/vdfs/HEAD
piloting_May2025/.git/modules/libs/vdfs/config
piloting_May2025/.git/modules/libs/vdfs/description
piloting_May2025/.git/modules/libs/vdfs/index
piloting_May2025/.git/modules/libs/vdfs/packed-refs
piloting_May2025/.git/modules/libs/vdfs/branches/
piloting_May2025/.git/modules/libs/vdfs/hooks/
piloting_May2025/.git/modules/libs/vdfs/hooks/applypatch-msg.sample
piloting_May2025/.git/modules/libs/vdfs/hooks/commit-msg.sample
piloting_May2025/.git/modules/libs/vdfs/hooks/fsmonitor-watchman.sample
piloting_May2025/.git/modules/libs/vdfs/hooks/post-update.sample
piloting_May2025/.git/modules/libs/vdfs/hooks/pre-applypatch.sample
piloting_May2025/.git/modules/libs/vdfs/hooks/pre-commit.sample
piloting_May2025/.git/modules/libs/vdfs/hooks/pre-merge-commit.sample
piloting_May2025/.git/modules/libs/vdfs/hooks/pre-push.sample
piloting_May2025/.git/modules/libs/vdfs/hooks/pre-rebase.sample
piloting_May2025/.git/modules/libs/vdfs/hooks/pre-receive.sample
piloting_May2025/.git/modules/libs/vdfs/hooks/prepare-commit-msg.sample
piloting_May2025/.git/modules/libs/vdfs/hooks/push-to-checkout.sample
piloting_May2025/.git/modules/libs/vdfs/hooks/sendemail-validate.sample
piloting_May2025/.git/modules/libs/vdfs/hooks/update.sample
piloting_May2025/.git/modules/libs/vdfs/info/
piloting_May2025/.git/modules/libs/vdfs/info/exclude
piloting_May2025/.git/modules/libs/vdfs/logs/
piloting_May2025/.git/modules/libs/vdfs/logs/HEAD
piloting_May2025/.git/modules/libs/vdfs/logs/refs/
piloting_May2025/.git/modules/libs/vdfs/logs/refs/heads/
piloting_May2025/.git/modules/libs/vdfs/logs/refs/heads/main
piloting_May2025/.git/modules/libs/vdfs/logs/refs/remotes/
piloting_May2025/.git/modules/libs/vdfs/logs/refs/remotes/origin/
piloting_May2025/.git/modules/libs/vdfs/logs/refs/remotes/origin/HEAD
piloting_May2025/.git/modules/libs/vdfs/objects/
piloting_May2025/.git/modules/libs/vdfs/objects/info/
piloting_May2025/.git/modules/libs/vdfs/objects/pack/
piloting_May2025/.git/modules/libs/vdfs/objects/pack/pack-c1d911f54e8b87222d692c4db9efa0c6a3f35eb9.idx
piloting_May2025/.git/modules/libs/vdfs/objects/pack/pack-c1d911f54e8b87222d692c4db9efa0c6a3f35eb9.pack
piloting_May2025/.git/modules/libs/vdfs/objects/pack/pack-c1d911f54e8b87222d692c4db9efa0c6a3f35eb9.rev
piloting_May2025/.git/modules/libs/vdfs/refs/
piloting_May2025/.git/modules/libs/vdfs/refs/heads/
piloting_May2025/.git/modules/libs/vdfs/refs/heads/main
piloting_May2025/.git/modules/libs/vdfs/refs/remotes/
piloting_May2025/.git/modules/libs/vdfs/refs/remotes/origin/
piloting_May2025/.git/modules/libs/vdfs/refs/remotes/origin/HEAD
piloting_May2025/.git/modules/libs/vdfs/refs/tags/
piloting_May2025/.git/objects/
piloting_May2025/.git/objects/04/
piloting_May2025/.git/objects/04/c1a35876f6de2e2f71f33f56c31fd341e1edb8
piloting_May2025/.git/objects/08/
piloting_May2025/.git/objects/08/6ee6de69dc783996d2693dd315a7153fda9e71
piloting_May2025/.git/objects/09/
piloting_May2025/.git/objects/09/b14bd2eb06f11399c0221e1951cc23fae722c5
piloting_May2025/.git/objects/0a/
piloting_May2025/.git/objects/0a/c4735f8587e4e1f42e6ea80c73149342ff5f62
piloting_May2025/.git/objects/13/
piloting_May2025/.git/objects/13/7a0a0cc834cefb79c104abae1592a3ca87528c
piloting_May2025/.git/objects/13/c740b2d059999f5254a10a6692a0429173074d
piloting_May2025/.git/objects/22/
piloting_May2025/.git/objects/22/498c045828e71bb2b0d6e13eabbb86573d9db8
piloting_May2025/.git/objects/22/7317f669cb5fdc728d6014aa5919a85f91aacb
piloting_May2025/.git/objects/32/
piloting_May2025/.git/objects/32/f2eea2ad957c7131cf181147a68615ab8a4c84
piloting_May2025/.git/objects/4b/
piloting_May2025/.git/objects/4b/84b4d8ed63b51ffade9ffc80eb0acb99964335
piloting_May2025/.git/objects/5e/
piloting_May2025/.git/objects/5e/4642da65b33e0781116244b50e44d907f6cb0d
piloting_May2025/.git/objects/72/
piloting_May2025/.git/objects/72/267d95cc1c7a359e8c76b28c3acdbd2023a604
piloting_May2025/.git/objects/75/
piloting_May2025/.git/objects/75/b0b996fa977323d9a84f2387cbbbc25a976694
piloting_May2025/.git/objects/89/
piloting_May2025/.git/objects/89/1f1e760f861c7e3a5fbdf2dd2ea08076d6da4e
piloting_May2025/.git/objects/89/961314eec8968e3486851fb7d132e4fd8a3ebe
piloting_May2025/.git/objects/92/
piloting_May2025/.git/objects/92/acff9461a580e68cc3c5705f1df1fab81819ff
piloting_May2025/.git/objects/92/f81d09864ece73bfc4cb96c8480c2c2aa427cd
piloting_May2025/.git/objects/94/
piloting_May2025/.git/objects/94/2fe6f31d30f21ced387be0e48a7543f47560f8
piloting_May2025/.git/objects/9d/
piloting_May2025/.git/objects/9d/cf930612d9300b8ca339058293080f3a7d1986
piloting_May2025/.git/objects/a3/
piloting_May2025/.git/objects/a3/a0f303d743f3b61de8988b620de7ec2f993e1b
piloting_May2025/.git/objects/a7/
piloting_May2025/.git/objects/a7/c79d6fc551ac4a1cb6b62fc650e14233e81671
piloting_May2025/.git/objects/b5/
piloting_May2025/.git/objects/b5/28eb0e909d08b57d70fbcca345b9d8617a6412
piloting_May2025/.git/objects/bc/
piloting_May2025/.git/objects/bc/c7774c8a8d29f4e490db27f4c1fd3be44aec1a
piloting_May2025/.git/objects/c6/
piloting_May2025/.git/objects/c6/edfd338e76e646f30f519a33cba4568216c05f
piloting_May2025/.git/objects/c9/
piloting_May2025/.git/objects/c9/adc1880f6bbc1de0b57c97a43dbc9ae5216982
piloting_May2025/.git/objects/ce/
piloting_May2025/.git/objects/ce/31d443db62052a25dd398b00ce4903db8ea27a
piloting_May2025/.git/objects/d0/
piloting_May2025/.git/objects/d0/7507dc76559b914744139496e3a360d0ae2546
piloting_May2025/.git/objects/d5/
piloting_May2025/.git/objects/d5/5714e7c956cee3285634dab2c1731b481e17eb
piloting_May2025/.git/objects/d8/
piloting_May2025/.git/objects/d8/61fefcb45e16f686b1ecd7bc0608228b957148
piloting_May2025/.git/objects/da/
piloting_May2025/.git/objects/da/15523faf44212fa562a641ca1f22b11ce0e581
piloting_May2025/.git/objects/db/
piloting_May2025/.git/objects/db/6c850d41f3d10191d5ac566887f23c7c437b96
piloting_May2025/.git/objects/e3/
piloting_May2025/.git/objects/e3/b92aae62175fe4709094b2b81bb272cead8a88
piloting_May2025/.git/objects/e6/
piloting_May2025/.git/objects/e6/0e71ebe481f60d9112523119b374a2f2180fc8
piloting_May2025/.git/objects/e6/9de29bb2d1d6434b8b29ae775ad8c2e48c5391
piloting_May2025/.git/objects/ef/
piloting_May2025/.git/objects/ef/250bda67c3348ea500438018a2aefe85f2cec4
piloting_May2025/.git/objects/f0/
piloting_May2025/.git/objects/f0/327529c47df34699b0d857029ac7c590186fee
piloting_May2025/.git/objects/f2/
piloting_May2025/.git/objects/f2/d026040abfc7ed3be0fc9403147d0dae103f0a
piloting_May2025/.git/objects/f8/
piloting_May2025/.git/objects/f8/43c47610a10c988e11b7188f2f2fcc457aae18
piloting_May2025/.git/objects/f8/8c7852253336e7c8cb552eb824c0b2cb15cb2b
piloting_May2025/.git/objects/info/
piloting_May2025/.git/objects/pack/
piloting_May2025/.git/refs/
piloting_May2025/.git/refs/heads/
piloting_May2025/.git/refs/heads/main
piloting_May2025/.git/refs/remotes/
piloting_May2025/.git/refs/remotes/origin/
piloting_May2025/.git/refs/remotes/origin/main
piloting_May2025/.git/refs/tags/
piloting_May2025/envs/
piloting_May2025/envs/dummy.yaml
piloting_May2025/envs/environment.yaml
piloting_May2025/ground_truth/
piloting_May2025/ground_truth/project/
piloting_May2025/ground_truth/project/sub-01/
piloting_May2025/ground_truth/project/sub-01/experiment_name.txt
piloting_May2025/ground_truth/project/sub-01/ses-1/
piloting_May2025/ground_truth/project/sub-01/ses-1/anat/
piloting_May2025/ground_truth/project/sub-01/ses-1/fmap/
piloting_May2025/ground_truth/project/sub-01/ses-1/func/
piloting_May2025/ground_truth/raw_data/
piloting_May2025/ground_truth/raw_data/KSVN-CXXX/
piloting_May2025/ground_truth/raw_data/KSVN-CXXX/DICOM_NIFTI/
piloting_May2025/ground_truth/raw_data/KSVN-CXXX/DICOM_NIFTI/0001_localizer_tissueContrast_i00001.json
piloting_May2025/ground_truth/raw_data/KSVN-CXXX/DICOM_NIFTI/0001_localizer_tissueContrast_i00001.nii.gz
piloting_May2025/ground_truth/raw_data/KSVN-CXXX/DICOM_NIFTI/0001_localizer_tissueContrast_i00002.json
piloting_May2025/ground_truth/raw_data/KSVN-CXXX/DICOM_NIFTI/0001_localizer_tissueContrast_i00002.nii.gz
piloting_May2025/ground_truth/raw_data/KSVN-CXXX/DICOM_NIFTI/0001_localizer_tissueContrast_i00003.json
piloting_May2025/ground_truth/raw_data/KSVN-CXXX/DICOM_NIFTI/0001_localizer_tissueContrast_i00003.nii.gz
piloting_May2025/ground_truth/raw_data/KSVN-CXXX/DICOM_NIFTI/0002_aa_B0Mapping_3mm_e1.json
piloting_May2025/ground_truth/raw_data/KSVN-CXXX/DICOM_NIFTI/0002_aa_B0Mapping_3mm_e1.nii.gz
piloting_May2025/ground_truth/raw_data/KSVN-CXXX/DICOM_NIFTI/0002_aa_B0Mapping_3mm_e2.json
piloting_May2025/ground_truth/raw_data/KSVN-CXXX/DICOM_NIFTI/0002_aa_B0Mapping_3mm_e2.nii.gz
piloting_May2025/ground_truth/raw_data/KSVN-CXXX/DICOM_NIFTI/0003_B0_Map_e2_ph.json
piloting_May2025/ground_truth/raw_data/KSVN-CXXX/DICOM_NIFTI/0003_B0_Map_e2_ph.nii.gz
piloting_May2025/ground_truth/raw_data/KSVN-CXXX/DICOM_NIFTI/0004_si_MP2RAGE_0p75_3x1_Lipsia_INV1.json
piloting_May2025/ground_truth/raw_data/KSVN-CXXX/DICOM_NIFTI/0004_si_MP2RAGE_0p75_3x1_Lipsia_INV1.nii.gz
piloting_May2025/ground_truth/raw_data/KSVN-CXXX/DICOM_NIFTI/0005_si_MP2RAGE_0p75_3x1_Lipsia_T1_Images.json
piloting_May2025/ground_truth/raw_data/KSVN-CXXX/DICOM_NIFTI/0005_si_MP2RAGE_0p75_3x1_Lipsia_T1_Images.nii.gz
piloting_May2025/ground_truth/raw_data/KSVN-CXXX/DICOM_NIFTI/0005_si_MP2RAGE_0p75_3x1_Lipsia_T1_Images_ROI1.nii.gz
piloting_May2025/ground_truth/raw_data/KSVN-CXXX/DICOM_NIFTI/0006_si_MP2RAGE_0p75_3x1_Lipsia_UNI_Images.json
piloting_May2025/ground_truth/raw_data/KSVN-CXXX/DICOM_NIFTI/0006_si_MP2RAGE_0p75_3x1_Lipsia_UNI_Images.nii.gz
piloting_May2025/ground_truth/raw_data/KSVN-CXXX/DICOM_NIFTI/0007_si_MP2RAGE_0p75_3x1_Lipsia_INV2.json
piloting_May2025/ground_truth/raw_data/KSVN-CXXX/DICOM_NIFTI/0007_si_MP2RAGE_0p75_3x1_Lipsia_INV2.nii.gz
piloting_May2025/ground_truth/raw_data/KSVN-CXXX/DICOM_NIFTI/0008_ep2d_bold_800_whole_brain.json
piloting_May2025/ground_truth/raw_data/KSVN-CXXX/DICOM_NIFTI/0008_ep2d_bold_800_whole_brain.nii.gz
piloting_May2025/ground_truth/raw_data/KSVN-CXXX/DICOM_NIFTI/0009_ep2d_bold_800_whole_brain_revpe.json
piloting_May2025/ground_truth/raw_data/KSVN-CXXX/DICOM_NIFTI/0009_ep2d_bold_800_whole_brain_revpe.nii.gz
piloting_May2025/ground_truth/raw_data/KSVN-CXXX/DICOM_NIFTI/0011_gre_b0map_2D_multislice_e1.json
piloting_May2025/ground_truth/raw_data/KSVN-CXXX/DICOM_NIFTI/0011_gre_b0map_2D_multislice_e1.nii.gz
piloting_May2025/ground_truth/raw_data/KSVN-CXXX/DICOM_NIFTI/0011_gre_b0map_2D_multislice_e2.json
piloting_May2025/ground_truth/raw_data/KSVN-CXXX/DICOM_NIFTI/0011_gre_b0map_2D_multislice_e2.nii.gz
piloting_May2025/ground_truth/raw_data/KSVN-CXXX/DICOM_NIFTI/0012_gre_b0map_2D_multislice_e2_ph.json
piloting_May2025/ground_truth/raw_data/KSVN-CXXX/DICOM_NIFTI/0012_gre_b0map_2D_multislice_e2_ph.nii.gz
piloting_May2025/ground_truth/raw_data/KSVN-CXXX/DICOM_NIFTI/0013_ep2d_bold_800_test.json
piloting_May2025/ground_truth/raw_data/KSVN-CXXX/DICOM_NIFTI/0013_ep2d_bold_800_test.nii.gz
piloting_May2025/ground_truth/raw_data/KSVN-CXXX/DICOM_NIFTI/0014_ep2d_bold_800_test.json
piloting_May2025/ground_truth/raw_data/KSVN-CXXX/DICOM_NIFTI/0014_ep2d_bold_800_test.nii.gz
piloting_May2025/ground_truth/raw_data/KSVN-CXXX/DICOM_NIFTI/0015_ep2d_bold_800_task_run1.json
piloting_May2025/ground_truth/raw_data/KSVN-CXXX/DICOM_NIFTI/0015_ep2d_bold_800_task_run1.nii.gz
piloting_May2025/ground_truth/raw_data/KSVN-CXXX/DICOM_NIFTI/0016_StartFMRI.json
piloting_May2025/ground_truth/raw_data/KSVN-CXXX/DICOM_NIFTI/0016_StartFMRI.nii.gz
piloting_May2025/ground_truth/raw_data/KSVN-CXXX/DICOM_NIFTI/0017_MoCoSeries.json
piloting_May2025/ground_truth/raw_data/KSVN-CXXX/DICOM_NIFTI/0017_MoCoSeries.nii.gz
piloting_May2025/ground_truth/raw_data/KSVN-CXXX/DICOM_NIFTI/0019_Design.json
piloting_May2025/ground_truth/raw_data/KSVN-CXXX/DICOM_NIFTI/0019_Design.nii.gz
piloting_May2025/ground_truth/raw_data/KSVN-CXXX/DICOM_NIFTI/0020_EvaSeries_GLM.json
piloting_May2025/ground_truth/raw_data/KSVN-CXXX/DICOM_NIFTI/0020_EvaSeries_GLM.nii.gz
piloting_May2025/ground_truth/raw_data/KSVN-CXXX/DICOM_NIFTI/0021_Mean_&_t-Maps.json
piloting_May2025/ground_truth/raw_data/KSVN-CXXX/DICOM_NIFTI/0021_Mean_&_t-Maps.nii.gz
piloting_May2025/ground_truth/raw_data/KSVN-CXXX/DICOM_NIFTI/0022_ep2d_bold_800_task_run1.json
piloting_May2025/ground_truth/raw_data/KSVN-CXXX/DICOM_NIFTI/0022_ep2d_bold_800_task_run1.nii.gz
piloting_May2025/ground_truth/raw_data/KSVN-CXXX/DICOM_NIFTI/0023_StartFMRI.json
piloting_May2025/ground_truth/raw_data/KSVN-CXXX/DICOM_NIFTI/0023_StartFMRI.nii.gz
piloting_May2025/ground_truth/raw_data/KSVN-CXXX/DICOM_NIFTI/0024_MoCoSeries.json
piloting_May2025/ground_truth/raw_data/KSVN-CXXX/DICOM_NIFTI/0024_MoCoSeries.nii.gz
piloting_May2025/ground_truth/raw_data/KSVN-CXXX/DICOM_NIFTI/0026_Design.json
piloting_May2025/ground_truth/raw_data/KSVN-CXXX/DICOM_NIFTI/0026_Design.nii.gz
piloting_May2025/ground_truth/raw_data/KSVN-CXXX/DICOM_NIFTI/0027_EvaSeries_GLM.json
piloting_May2025/ground_truth/raw_data/KSVN-CXXX/DICOM_NIFTI/0027_EvaSeries_GLM.nii.gz
piloting_May2025/ground_truth/raw_data/KSVN-CXXX/DICOM_NIFTI/0028_Mean_&_t-Maps.json
piloting_May2025/ground_truth/raw_data/KSVN-CXXX/DICOM_NIFTI/0028_Mean_&_t-Maps.nii.gz
piloting_May2025/ground_truth/raw_data/KSVN-CXXX/DICOM_NIFTI/0029_ep2d_bold_800_task_run2.json
piloting_May2025/ground_truth/raw_data/KSVN-CXXX/DICOM_NIFTI/0029_ep2d_bold_800_task_run2.nii.gz
piloting_May2025/ground_truth/raw_data/KSVN-CXXX/DICOM_NIFTI/0030_StartFMRI.json
piloting_May2025/ground_truth/raw_data/KSVN-CXXX/DICOM_NIFTI/0030_StartFMRI.nii.gz
piloting_May2025/ground_truth/raw_data/KSVN-CXXX/DICOM_NIFTI/0031_MoCoSeries.json
piloting_May2025/ground_truth/raw_data/KSVN-CXXX/DICOM_NIFTI/0031_MoCoSeries.nii.gz
piloting_May2025/ground_truth/raw_data/KSVN-CXXX/DICOM_NIFTI/0033_Design.json
piloting_May2025/ground_truth/raw_data/KSVN-CXXX/DICOM_NIFTI/0033_Design.nii.gz
piloting_May2025/ground_truth/raw_data/KSVN-CXXX/DICOM_NIFTI/0034_EvaSeries_GLM.json
piloting_May2025/ground_truth/raw_data/KSVN-CXXX/DICOM_NIFTI/0034_EvaSeries_GLM.nii.gz
piloting_May2025/ground_truth/raw_data/KSVN-CXXX/DICOM_NIFTI/0035_Mean_&_t-Maps.json
piloting_May2025/ground_truth/raw_data/KSVN-CXXX/DICOM_NIFTI/0035_Mean_&_t-Maps.nii.gz
piloting_May2025/ground_truth/raw_data/KSVN-CXXX/DICOM_NIFTI/0036_ep2d_bold_800_task_run3.json
piloting_May2025/ground_truth/raw_data/KSVN-CXXX/DICOM_NIFTI/0036_ep2d_bold_800_task_run3.nii.gz
piloting_May2025/ground_truth/raw_data/KSVN-CXXX/DICOM_NIFTI/0037_StartFMRI.json
piloting_May2025/ground_truth/raw_data/KSVN-CXXX/DICOM_NIFTI/0037_StartFMRI.nii.gz
piloting_May2025/ground_truth/raw_data/KSVN-CXXX/DICOM_NIFTI/0038_MoCoSeries.json
piloting_May2025/ground_truth/raw_data/KSVN-CXXX/DICOM_NIFTI/0038_MoCoSeries.nii.gz
piloting_May2025/ground_truth/raw_data/KSVN-CXXX/DICOM_NIFTI/0040_Design.json
piloting_May2025/ground_truth/raw_data/KSVN-CXXX/DICOM_NIFTI/0040_Design.nii.gz
piloting_May2025/ground_truth/raw_data/KSVN-CXXX/DICOM_NIFTI/0041_EvaSeries_GLM.json
piloting_May2025/ground_truth/raw_data/KSVN-CXXX/DICOM_NIFTI/0041_EvaSeries_GLM.nii.gz
piloting_May2025/ground_truth/raw_data/KSVN-CXXX/DICOM_NIFTI/0042_Mean_&_t-Maps.json
piloting_May2025/ground_truth/raw_data/KSVN-CXXX/DICOM_NIFTI/0042_Mean_&_t-Maps.nii.gz
piloting_May2025/ground_truth/raw_data/KSVN-CXXX/DICOM_NIFTI/0043_ep2d_bold_800_revpe.json
piloting_May2025/ground_truth/raw_data/KSVN-CXXX/DICOM_NIFTI/0043_ep2d_bold_800_revpe.nii.gz
piloting_May2025/ground_truth/raw_data/KSVN-CXXX/DICOM_NIFTI/0044_MoCoSeries.json
piloting_May2025/ground_truth/raw_data/KSVN-CXXX/DICOM_NIFTI/0044_MoCoSeries.nii.gz
piloting_May2025/ground_truth/raw_data/KSVN-CXXX/DICOM_NIFTI/0045_gre_b0map_2D_multislice_e1.json
piloting_May2025/ground_truth/raw_data/KSVN-CXXX/DICOM_NIFTI/0045_gre_b0map_2D_multislice_e1.nii.gz
piloting_May2025/ground_truth/raw_data/KSVN-CXXX/DICOM_NIFTI/0045_gre_b0map_2D_multislice_e2.json
piloting_May2025/ground_truth/raw_data/KSVN-CXXX/DICOM_NIFTI/0045_gre_b0map_2D_multislice_e2.nii.gz
piloting_May2025/ground_truth/raw_data/KSVN-CXXX/DICOM_NIFTI/0046_gre_b0map_2D_multislice_e2_ph.json
piloting_May2025/ground_truth/raw_data/KSVN-CXXX/DICOM_NIFTI/0046_gre_b0map_2D_multislice_e2_ph.nii.gz
piloting_May2025/ground_truth/raw_data/KSVN-CXXX/DICOM_NIFTI/0047_jb_greCAIPI_400_2x1_MP_FC_FIDPS_e1.json
piloting_May2025/ground_truth/raw_data/KSVN-CXXX/DICOM_NIFTI/0047_jb_greCAIPI_400_2x1_MP_FC_FIDPS_e1.nii.gz
piloting_May2025/ground_truth/raw_data/KSVN-CXXX/DICOM_NIFTI/0047_jb_greCAIPI_400_2x1_MP_FC_FIDPS_e2.json
piloting_May2025/ground_truth/raw_data/KSVN-CXXX/DICOM_NIFTI/0047_jb_greCAIPI_400_2x1_MP_FC_FIDPS_e2.nii.gz
piloting_May2025/ground_truth/raw_data/KSVN-CXXX/DICOM_NIFTI/0047_jb_greCAIPI_400_2x1_MP_FC_FIDPS_e3.json
piloting_May2025/ground_truth/raw_data/KSVN-CXXX/DICOM_NIFTI/0047_jb_greCAIPI_400_2x1_MP_FC_FIDPS_e3.nii.gz
piloting_May2025/ground_truth/raw_data/KSVN-CXXX/DICOM_NIFTI/0048_ep2d_bold_800_task_run4.json
piloting_May2025/ground_truth/raw_data/KSVN-CXXX/DICOM_NIFTI/0048_ep2d_bold_800_task_run4.nii.gz
piloting_May2025/ground_truth/raw_data/KSVN-CXXX/DICOM_NIFTI/0049_StartFMRI.json
piloting_May2025/ground_truth/raw_data/KSVN-CXXX/DICOM_NIFTI/0049_StartFMRI.nii.gz
piloting_May2025/ground_truth/raw_data/KSVN-CXXX/DICOM_NIFTI/0050_MoCoSeries.json
piloting_May2025/ground_truth/raw_data/KSVN-CXXX/DICOM_NIFTI/0050_MoCoSeries.nii.gz
piloting_May2025/ground_truth/raw_data/KSVN-CXXX/DICOM_NIFTI/0052_Design.json
piloting_May2025/ground_truth/raw_data/KSVN-CXXX/DICOM_NIFTI/0052_Design.nii.gz
piloting_May2025/ground_truth/raw_data/KSVN-CXXX/DICOM_NIFTI/0053_EvaSeries_GLM.json
piloting_May2025/ground_truth/raw_data/KSVN-CXXX/DICOM_NIFTI/0053_EvaSeries_GLM.nii.gz
piloting_May2025/ground_truth/raw_data/KSVN-CXXX/DICOM_NIFTI/0054_Mean_&_t-Maps.json
piloting_May2025/ground_truth/raw_data/KSVN-CXXX/DICOM_NIFTI/0054_Mean_&_t-Maps.nii.gz
piloting_May2025/ground_truth/raw_data/KSVN-CXXX/DICOM_NIFTI/0055_ep2d_bold_800_task_run5.json
piloting_May2025/ground_truth/raw_data/KSVN-CXXX/DICOM_NIFTI/0055_ep2d_bold_800_task_run5.nii.gz
piloting_May2025/ground_truth/raw_data/KSVN-CXXX/DICOM_NIFTI/0056_StartFMRI.json
piloting_May2025/ground_truth/raw_data/KSVN-CXXX/DICOM_NIFTI/0056_StartFMRI.nii.gz
piloting_May2025/ground_truth/raw_data/KSVN-CXXX/DICOM_NIFTI/0057_MoCoSeries.json
piloting_May2025/ground_truth/raw_data/KSVN-CXXX/DICOM_NIFTI/0057_MoCoSeries.nii.gz
piloting_May2025/ground_truth/raw_data/KSVN-CXXX/DICOM_NIFTI/0059_Design.json
piloting_May2025/ground_truth/raw_data/KSVN-CXXX/DICOM_NIFTI/0059_Design.nii.gz
piloting_May2025/ground_truth/raw_data/KSVN-CXXX/DICOM_NIFTI/0060_EvaSeries_GLM.json
piloting_May2025/ground_truth/raw_data/KSVN-CXXX/DICOM_NIFTI/0060_EvaSeries_GLM.nii.gz
piloting_May2025/ground_truth/raw_data/KSVN-CXXX/DICOM_NIFTI/0061_Mean_&_t-Maps.json
piloting_May2025/ground_truth/raw_data/KSVN-CXXX/DICOM_NIFTI/0061_Mean_&_t-Maps.nii.gz
piloting_May2025/ground_truth/raw_data/KSVN-CXXX/DICOM_NIFTI/0062_ep2d_bold_800_task_run6.json
piloting_May2025/ground_truth/raw_data/KSVN-CXXX/DICOM_NIFTI/0062_ep2d_bold_800_task_run6.nii.gz
piloting_May2025/ground_truth/raw_data/KSVN-CXXX/DICOM_NIFTI/0063_StartFMRI.json
piloting_May2025/ground_truth/raw_data/KSVN-CXXX/DICOM_NIFTI/0063_StartFMRI.nii.gz
piloting_May2025/ground_truth/raw_data/KSVN-CXXX/DICOM_NIFTI/0064_MoCoSeries.json
piloting_May2025/ground_truth/raw_data/KSVN-CXXX/DICOM_NIFTI/0064_MoCoSeries.nii.gz
piloting_May2025/ground_truth/raw_data/KSVN-CXXX/DICOM_NIFTI/0066_Design.json
piloting_May2025/ground_truth/raw_data/KSVN-CXXX/DICOM_NIFTI/0066_Design.nii.gz
piloting_May2025/ground_truth/raw_data/KSVN-CXXX/DICOM_NIFTI/0067_EvaSeries_GLM.json
piloting_May2025/ground_truth/raw_data/KSVN-CXXX/DICOM_NIFTI/0067_EvaSeries_GLM.nii.gz
piloting_May2025/ground_truth/raw_data/KSVN-CXXX/DICOM_NIFTI/0068_Mean_&_t-Maps.json
piloting_May2025/ground_truth/raw_data/KSVN-CXXX/DICOM_NIFTI/0068_Mean_&_t-Maps.nii.gz
piloting_May2025/ground_truth/raw_data/KSVN-CXXX/DICOM_NIFTI/0100_MPR_Range_.json
piloting_May2025/ground_truth/raw_data/KSVN-CXXX/DICOM_NIFTI/0100_MPR_Range_.nii.gz
piloting_May2025/ground_truth/raw_data/KSVN-CXXX/DICOM_NIFTI/0100_MPR_Range__ROI1.nii.gz
piloting_May2025/ground_truth/raw_data/KSVN-CXXX/DICOM_NIFTI/0101_mean_bold_4runs.json
piloting_May2025/ground_truth/raw_data/KSVN-CXXX/DICOM_NIFTI/0101_mean_bold_4runs.nii.gz
piloting_May2025/ground_truth/raw_data/KSVN-CXXX/DICOM_NIFTI/0102_avg_glm_4runs.json
piloting_May2025/ground_truth/raw_data/KSVN-CXXX/DICOM_NIFTI/0102_avg_glm_4runs.nii.gz
piloting_May2025/ground_truth/raw_data/KSVN-CXXX/DICOM_NIFTI/0103_sum_bold_5runs.json
piloting_May2025/ground_truth/raw_data/KSVN-CXXX/DICOM_NIFTI/0103_sum_bold_5runs.nii.gz
piloting_May2025/ground_truth/raw_data/KSVN-CXXX/DICOM_NIFTI/0104_avg_glm_5runs.json
piloting_May2025/ground_truth/raw_data/KSVN-CXXX/DICOM_NIFTI/0104_avg_glm_5runs.nii.gz
piloting_May2025/ground_truth/raw_data/KSVN-CXXX/DICOM_NIFTI/0105_avg_bold_5runs.json
piloting_May2025/ground_truth/raw_data/KSVN-CXXX/DICOM_NIFTI/0105_avg_bold_5runs.nii.gz
piloting_May2025/ground_truth/raw_data/KSVN-CXXX/DICOM_TGZ/
piloting_May2025/ground_truth/raw_data/KSVN-CXXX/DICOM_TGZ/0001_localizer_tissueContrast.tgz
piloting_May2025/ground_truth/raw_data/KSVN-CXXX/DICOM_TGZ/0002_aa_B0Mapping_3mm.tgz
piloting_May2025/ground_truth/raw_data/KSVN-CXXX/DICOM_TGZ/0003_B0_Map.tgz
piloting_May2025/ground_truth/raw_data/KSVN-CXXX/DICOM_TGZ/0004_si_MP2RAGE_0p75_3x1_Lipsia_INV1.tgz
piloting_May2025/ground_truth/raw_data/KSVN-CXXX/DICOM_TGZ/0005_si_MP2RAGE_0p75_3x1_Lipsia_T1_Images.tgz
piloting_May2025/ground_truth/raw_data/KSVN-CXXX/DICOM_TGZ/0006_si_MP2RAGE_0p75_3x1_Lipsia_UNI_Images.tgz
piloting_May2025/ground_truth/raw_data/KSVN-CXXX/DICOM_TGZ/0007_si_MP2RAGE_0p75_3x1_Lipsia_INV2.tgz
piloting_May2025/ground_truth/raw_data/KSVN-CXXX/DICOM_TGZ/0008_ep2d_bold_800_whole_brain.tgz
piloting_May2025/ground_truth/raw_data/KSVN-CXXX/DICOM_TGZ/0009_ep2d_bold_800_whole_brain_revpe.tgz
piloting_May2025/ground_truth/raw_data/KSVN-CXXX/DICOM_TGZ/0011_gre_b0map_2D_multislice.tgz
piloting_May2025/ground_truth/raw_data/KSVN-CXXX/DICOM_TGZ/0012_gre_b0map_2D_multislice.tgz
piloting_May2025/ground_truth/raw_data/KSVN-CXXX/DICOM_TGZ/0013_ep2d_bold_800_test.tgz
piloting_May2025/ground_truth/raw_data/KSVN-CXXX/DICOM_TGZ/0014_ep2d_bold_800_test.tgz
piloting_May2025/ground_truth/raw_data/KSVN-CXXX/DICOM_TGZ/0015_ep2d_bold_800_task_run1.tgz
piloting_May2025/ground_truth/raw_data/KSVN-CXXX/DICOM_TGZ/0016_StartFMRI.tgz
piloting_May2025/ground_truth/raw_data/KSVN-CXXX/DICOM_TGZ/0017_MoCoSeries.tgz
piloting_May2025/ground_truth/raw_data/KSVN-CXXX/DICOM_TGZ/0019_Design.tgz
piloting_May2025/ground_truth/raw_data/KSVN-CXXX/DICOM_TGZ/0020_EvaSeries_GLM.tgz
piloting_May2025/ground_truth/raw_data/KSVN-CXXX/DICOM_TGZ/0021_Mean_&_t-Maps.tgz
piloting_May2025/ground_truth/raw_data/KSVN-CXXX/DICOM_TGZ/0022_ep2d_bold_800_task_run1.tgz
piloting_May2025/ground_truth/raw_data/KSVN-CXXX/DICOM_TGZ/0023_StartFMRI.tgz
piloting_May2025/ground_truth/raw_data/KSVN-CXXX/DICOM_TGZ/0024_MoCoSeries.tgz
piloting_May2025/ground_truth/raw_data/KSVN-CXXX/DICOM_TGZ/0026_Design.tgz
piloting_May2025/ground_truth/raw_data/KSVN-CXXX/DICOM_TGZ/0027_EvaSeries_GLM.tgz
piloting_May2025/ground_truth/raw_data/KSVN-CXXX/DICOM_TGZ/0028_Mean_&_t-Maps.tgz
piloting_May2025/ground_truth/raw_data/KSVN-CXXX/DICOM_TGZ/0029_ep2d_bold_800_task_run2.tgz
piloting_May2025/ground_truth/raw_data/KSVN-CXXX/DICOM_TGZ/0030_StartFMRI.tgz
piloting_May2025/ground_truth/raw_data/KSVN-CXXX/DICOM_TGZ/0031_MoCoSeries.tgz
piloting_May2025/ground_truth/raw_data/KSVN-CXXX/DICOM_TGZ/0033_Design.tgz
piloting_May2025/ground_truth/raw_data/KSVN-CXXX/DICOM_TGZ/0034_EvaSeries_GLM.tgz
piloting_May2025/ground_truth/raw_data/KSVN-CXXX/DICOM_TGZ/0035_Mean_&_t-Maps.tgz
piloting_May2025/ground_truth/raw_data/KSVN-CXXX/DICOM_TGZ/0036_ep2d_bold_800_task_run3.tgz
piloting_May2025/ground_truth/raw_data/KSVN-CXXX/DICOM_TGZ/0037_StartFMRI.tgz
piloting_May2025/ground_truth/raw_data/KSVN-CXXX/DICOM_TGZ/0038_MoCoSeries.tgz
piloting_May2025/ground_truth/raw_data/KSVN-CXXX/DICOM_TGZ/0040_Design.tgz
piloting_May2025/ground_truth/raw_data/KSVN-CXXX/DICOM_TGZ/0041_EvaSeries_GLM.tgz
piloting_May2025/ground_truth/raw_data/KSVN-CXXX/DICOM_TGZ/0042_Mean_&_t-Maps.tgz
piloting_May2025/ground_truth/raw_data/KSVN-CXXX/DICOM_TGZ/0043_ep2d_bold_800_revpe.tgz
piloting_May2025/ground_truth/raw_data/KSVN-CXXX/DICOM_TGZ/0044_MoCoSeries.tgz
piloting_May2025/ground_truth/raw_data/KSVN-CXXX/DICOM_TGZ/0045_gre_b0map_2D_multislice.tgz
piloting_May2025/ground_truth/raw_data/KSVN-CXXX/DICOM_TGZ/0046_gre_b0map_2D_multislice.tgz
piloting_May2025/ground_truth/raw_data/KSVN-CXXX/DICOM_TGZ/0047_jb_greCAIPI_400_2x1_MP_FC_FIDPS.tgz
piloting_May2025/ground_truth/raw_data/KSVN-CXXX/DICOM_TGZ/0048_ep2d_bold_800_task_run4.tgz
piloting_May2025/ground_truth/raw_data/KSVN-CXXX/DICOM_TGZ/0049_StartFMRI.tgz
piloting_May2025/ground_truth/raw_data/KSVN-CXXX/DICOM_TGZ/0050_MoCoSeries.tgz
piloting_May2025/ground_truth/raw_data/KSVN-CXXX/DICOM_TGZ/0052_Design.tgz
piloting_May2025/ground_truth/raw_data/KSVN-CXXX/DICOM_TGZ/0053_EvaSeries_GLM.tgz
piloting_May2025/ground_truth/raw_data/KSVN-CXXX/DICOM_TGZ/0054_Mean_&_t-Maps.tgz
piloting_May2025/ground_truth/raw_data/KSVN-CXXX/DICOM_TGZ/0055_ep2d_bold_800_task_run5.tgz
piloting_May2025/ground_truth/raw_data/KSVN-CXXX/DICOM_TGZ/0056_StartFMRI.tgz
piloting_May2025/ground_truth/raw_data/KSVN-CXXX/DICOM_TGZ/0057_MoCoSeries.tgz
piloting_May2025/ground_truth/raw_data/KSVN-CXXX/DICOM_TGZ/0059_Design.tgz
piloting_May2025/ground_truth/raw_data/KSVN-CXXX/DICOM_TGZ/0060_EvaSeries_GLM.tgz
piloting_May2025/ground_truth/raw_data/KSVN-CXXX/DICOM_TGZ/0061_Mean_&_t-Maps.tgz
piloting_May2025/ground_truth/raw_data/KSVN-CXXX/DICOM_TGZ/0062_ep2d_bold_800_task_run6.tgz
piloting_May2025/ground_truth/raw_data/KSVN-CXXX/DICOM_TGZ/0063_StartFMRI.tgz
piloting_May2025/ground_truth/raw_data/KSVN-CXXX/DICOM_TGZ/0064_MoCoSeries.tgz
piloting_May2025/ground_truth/raw_data/KSVN-CXXX/DICOM_TGZ/0066_Design.tgz
piloting_May2025/ground_truth/raw_data/KSVN-CXXX/DICOM_TGZ/0067_EvaSeries_GLM.tgz
piloting_May2025/ground_truth/raw_data/KSVN-CXXX/DICOM_TGZ/0068_Mean_&_t-Maps.tgz
piloting_May2025/ground_truth/raw_data/KSVN-CXXX/DICOM_TGZ/0100_<MPR Range>.tgz
piloting_May2025/ground_truth/raw_data/KSVN-CXXX/DICOM_TGZ/0101_mean_bold_4runs.tgz
piloting_May2025/ground_truth/raw_data/KSVN-CXXX/DICOM_TGZ/0102_avg_glm_4runs.tgz
piloting_May2025/ground_truth/raw_data/KSVN-CXXX/DICOM_TGZ/0103_sum_bold_5runs.tgz
piloting_May2025/ground_truth/raw_data/KSVN-CXXX/DICOM_TGZ/0104_avg_glm_5runs.tgz
piloting_May2025/ground_truth/raw_data/KSVN-CXXX/DICOM_TGZ/0105_avg_bold_5runs.tgz
piloting_May2025/ground_truth/raw_data/KSVN-CXXX/EXPDATA/
piloting_May2025/ground_truth/raw_data/KSVN-CXXX/EXPDATA/20250507_KSVN-CXXX.pdf
piloting_May2025/ground_truth/raw_data/KSVN-CXXX/EXPDATA/aa_B0Mapping_3mm.pro
piloting_May2025/ground_truth/raw_data/KSVN-CXXX/EXPDATA/ep2d_bold_800_revpe.pro
piloting_May2025/ground_truth/raw_data/KSVN-CXXX/EXPDATA/ep2d_bold_800_task_run1.pro
piloting_May2025/ground_truth/raw_data/KSVN-CXXX/EXPDATA/ep2d_bold_800_task_run2.pro
piloting_May2025/ground_truth/raw_data/KSVN-CXXX/EXPDATA/ep2d_bold_800_task_run3.pro
piloting_May2025/ground_truth/raw_data/KSVN-CXXX/EXPDATA/ep2d_bold_800_task_run4.pro
piloting_May2025/ground_truth/raw_data/KSVN-CXXX/EXPDATA/ep2d_bold_800_task_run5.pro
piloting_May2025/ground_truth/raw_data/KSVN-CXXX/EXPDATA/ep2d_bold_800_task_run6.pro
piloting_May2025/ground_truth/raw_data/KSVN-CXXX/EXPDATA/ep2d_bold_800_test.pro
piloting_May2025/ground_truth/raw_data/KSVN-CXXX/EXPDATA/ep2d_bold_800_whole_brain.pro
piloting_May2025/ground_truth/raw_data/KSVN-CXXX/EXPDATA/ep2d_bold_800_whole_brain_revpe.pro
piloting_May2025/ground_truth/raw_data/KSVN-CXXX/EXPDATA/gre_b0map_2D_multislice (1).pro
piloting_May2025/ground_truth/raw_data/KSVN-CXXX/EXPDATA/gre_b0map_2D_multislice.pro
piloting_May2025/ground_truth/raw_data/KSVN-CXXX/EXPDATA/jb_greCAIPI_400_2x1_MP_FC_FIDPS.pro
piloting_May2025/ground_truth/raw_data/KSVN-CXXX/EXPDATA/localizer_tissueContrast.pro
piloting_May2025/ground_truth/raw_data/KSVN-CXXX/EXPDATA/si_MP2RAGE_0p75_3x1_Lipsia.pro
piloting_May2025/ground_truth/raw_data/KSVN-CXXX/TWIX/
piloting_May2025/ground_truth/raw_data/KSVN-CXXX/TWIX/allData#S94Tuebingen#F13620#M159#D070525#T113312#AdjDico.dat
piloting_May2025/ground_truth/raw_data/KSVN-CXXX/TWIX/allData#S94Tuebingen#F13621#M160#D070525#T113322#AdjFre.dat
piloting_May2025/ground_truth/raw_data/KSVN-CXXX/TWIX/allData#S94Tuebingen#F13622#M161#D070525#T113327#AdjTra2D.dat
piloting_May2025/ground_truth/raw_data/KSVN-CXXX/TWIX/allData#S94Tuebingen#F13623#M162#D070525#T113334#AdjDico.dat
piloting_May2025/ground_truth/raw_data/KSVN-CXXX/TWIX/allData#S94Tuebingen#F13624#M163#D070525#T113344#localizer_tissueContrast.dat
piloting_May2025/ground_truth/raw_data/KSVN-CXXX/TWIX/allData#S94Tuebingen#F13625#M164#D070525#T113406#AdjFre.dat
piloting_May2025/ground_truth/raw_data/KSVN-CXXX/TWIX/allData#S94Tuebingen#F13626#M165#D070525#T113507#AdjFre.dat
piloting_May2025/ground_truth/raw_data/KSVN-CXXX/TWIX/allData#S94Tuebingen#F13627#M166#D070525#T113513#aa_B0Mapping_3mm.dat
piloting_May2025/ground_truth/raw_data/KSVN-CXXX/TWIX/allData#S94Tuebingen#F13628#M167#D070525#T113737#AdjFre.dat
piloting_May2025/ground_truth/raw_data/KSVN-CXXX/TWIX/allData#S94Tuebingen#F13629#M168#D070525#T113749#AdjFre.dat
piloting_May2025/ground_truth/raw_data/KSVN-CXXX/TWIX/allData#S94Tuebingen#F13630#M169#D070525#T113803#AdjFre.dat
piloting_May2025/ground_truth/raw_data/KSVN-CXXX/TWIX/allData#S94Tuebingen#F13631#M170#D070525#T113816#AdjFre.dat
piloting_May2025/ground_truth/raw_data/KSVN-CXXX/TWIX/allData#S94Tuebingen#F13633#M172#D070525#T113845#si_MP2RAGE_0p75_3x1_Lipsia.dat
piloting_May2025/ground_truth/raw_data/KSVN-CXXX/TWIX/allData#S94Tuebingen#F13634#M173#D070525#T115002#AdjFre.dat
piloting_May2025/ground_truth/raw_data/KSVN-CXXX/TWIX/allData#S94Tuebingen#F13635#M174#D070525#T115009#ep2d_bold_800_whole_brain.dat
piloting_May2025/ground_truth/raw_data/KSVN-CXXX/TWIX/allData#S94Tuebingen#F13636#M175#D070525#T115307#AdjFre.dat
piloting_May2025/ground_truth/raw_data/KSVN-CXXX/TWIX/allData#S94Tuebingen#F13637#M176#D070525#T115313#ep2d_bold_800_whole_brain_revpe.dat
piloting_May2025/ground_truth/raw_data/KSVN-CXXX/TWIX/allData#S94Tuebingen#F13638#M177#D070525#T115611#gre_b0map_2D_multislice.dat
piloting_May2025/ground_truth/raw_data/KSVN-CXXX/TWIX/allData#S94Tuebingen#F13639#M178#D070525#T115752#AdjDico.dat
piloting_May2025/ground_truth/raw_data/KSVN-CXXX/TWIX/allData#S94Tuebingen#F13640#M179#D070525#T115805#AdjFre.dat
piloting_May2025/ground_truth/raw_data/KSVN-CXXX/TWIX/allData#S94Tuebingen#F13641#M180#D070525#T115810#AdjTra2D.dat
piloting_May2025/ground_truth/raw_data/KSVN-CXXX/TWIX/allData#S94Tuebingen#F13642#M181#D070525#T115817#AdjDico.dat
piloting_May2025/ground_truth/raw_data/KSVN-CXXX/TWIX/allData#S94Tuebingen#F13643#M182#D070525#T115827#AdjFieldMap.dat
piloting_May2025/ground_truth/raw_data/KSVN-CXXX/TWIX/allData#S94Tuebingen#F13644#M183#D070525#T115900#AdjFieldMap.dat
piloting_May2025/ground_truth/raw_data/KSVN-CXXX/TWIX/allData#S94Tuebingen#F13645#M184#D070525#T115923#AdjFre.dat
piloting_May2025/ground_truth/raw_data/KSVN-CXXX/TWIX/allData#S94Tuebingen#F13646#M185#D070525#T115932#gre_b0map_2D_multislice.dat
piloting_May2025/ground_truth/raw_data/KSVN-CXXX/TWIX/allData#S94Tuebingen#F13647#M186#D070525#T120223#AdjFre.dat
piloting_May2025/ground_truth/raw_data/KSVN-CXXX/TWIX/allData#S94Tuebingen#F13648#M187#D070525#T120236#AdjFre.dat
piloting_May2025/ground_truth/raw_data/KSVN-CXXX/TWIX/allData#S94Tuebingen#F13649#M188#D070525#T120245#AdjFre.dat
piloting_May2025/ground_truth/raw_data/KSVN-CXXX/TWIX/allData#S94Tuebingen#F13651#M190#D070525#T120335#ep2d_bold_800_test.dat
